"../../../Engine/Content/Functions/Engine_MaterialFunctions01/Opacity/CameraDepthFade.uasset" 0
"../../../Engine/Content/EngineMaterials/T_Default_Material_Grid_N.uasset" 1
"../../../Engine/Content/EngineMaterials/T_Default_Material_Grid_M.uasset" 2
"../../../Engine/Content/EngineMaterials/WorldGridMaterial.uasset" 3
"../../../Engine/Content/ArtTools/RenderToTexture/Meshes/S_1_Unit_Plane.uasset" 4
"../../../Engine/Content/EngineMaterials/DefaultMaterial.uasset" 5
"../../../Engine/Content/BasicShapes/Cone.uasset" 6
"../../../Engine/Content/BasicShapes/Cube.uasset" 7
"../../../Engine/Content/BasicShapes/Plane.uasset" 8
"../../../Engine/Content/BasicShapes/Sphere.uasset" 9
"../../../Engine/Content/EditorLandscapeResources/DataLayer.uasset" 10
"../../../Engine/Content/EditorLandscapeResources/DefaultAlphaTexture.uasset" 11
"../../../Engine/Content/EditorMaterials/MAT_Groups_Toggle.uasset" 12
"../../../Engine/Content/EditorMaterials/MAT_Groups_Visibility.uasset" 13
"../../../Engine/Content/EditorMaterials/PreviewShadowIndicator.uasset" 14
"../../../Engine/Content/EditorMaterials/PreviewShadowIndicatorMaterial.uasset" 15
"../../../Engine/Content/EditorMaterials/AssetViewer/EpicQuadPanorama_CC+EV1.uasset" 16
"../../../Engine/Content/EditorMaterials/MatineeGroups/MAT_ColorTrack.uasset" 17
"../../../Engine/Content/EditorMaterials/MatineeGroups/MAT_Groups_Anim.uasset" 18
"../../../Engine/Content/EditorMaterials/MatineeGroups/MAT_Groups_AudioMaster.uasset" 19
"../../../Engine/Content/EditorMaterials/MatineeGroups/MAT_Groups_Director.uasset" 20
"../../../Engine/Content/EditorMaterials/MatineeGroups/MAT_Groups_Event.uasset" 21
"../../../Engine/Content/EditorMaterials/MatineeGroups/MAT_Groups_Fade.uasset" 22
"../../../Engine/Content/EditorMaterials/MatineeGroups/MAT_Groups_Float.uasset" 23
"../../../Engine/Content/EditorMaterials/MatineeGroups/MAT_Groups_Move.uasset" 24
"../../../Engine/Content/EditorMaterials/MatineeGroups/MAT_Groups_Slomo.uasset" 25
"../../../Engine/Content/EditorMaterials/MatineeGroups/MAT_Groups_Sound.uasset" 26
"../../../Engine/Content/EditorMaterials/MatineeGroups/MAT_Groups_Vector.uasset" 27
"../../../Engine/Content/EditorMaterials/ParticleSystems/PSysThumbnail_NoImage.uasset" 28
"../../../Engine/Content/EditorMaterials/ParticleSystems/PSysThumbnail_OOD.uasset" 29
"../../../Engine/Content/EditorMaterials/Camera/CineMat.uasset" 30
"../../../Engine/Content/EditorMaterials/Camera/MI_CineMat_Rig.uasset" 31
"../../../Engine/Content/EditorMeshes/Camera/SM_CraneRig_Arm.uasset" 32
"../../../Engine/Content/EditorMeshes/Camera/SM_CraneRig_Base.uasset" 33
"../../../Engine/Content/EditorMeshes/Camera/SM_CraneRig_Body.uasset" 34
"../../../Engine/Content/EditorMeshes/Camera/SM_CraneRig_Mount.uasset" 35
"../../../Engine/Content/EditorMeshes/Camera/SM_RailRig_Mount.uasset" 36
"../../../Engine/Content/EditorMeshes/Camera/SM_RailRig_Track.uasset" 37
"../../../Engine/Content/EditorResources/BSPVertex.uasset" 38
"../../../Engine/Content/EditorResources/EmptyActor.uasset" 39
"../../../Engine/Content/EditorResources/S_Actor.uasset" 40
"../../../Engine/Content/EditorResources/S_Note.uasset" 41
"../../../Engine/Content/EditorResources/S_Solver.uasset" 42
"../../../Engine/Content/EditorResources/S_Terrain.uasset" 43
"../../../Engine/Content/EditorResources/S_Trigger.uasset" 44
"../../../Engine/Content/EditorResources/SequenceRecorder/Countdown.uasset" 45
"../../../Engine/Content/EditorResources/SequenceRecorder/RecordingIndicator.uasset" 46
"../../../Engine/Content/EngineDamageTypes/DmgTypeBP_Environmental.uasset" 47
"../../../Engine/Content/EngineDebugMaterials/DebugEditorMaterial.uasset" 48
"../../../Engine/Content/EngineDebugMaterials/DebugMeshMaterial.uasset" 49
"../../../Engine/Content/EngineDebugMaterials/M_SimpleUnlitTranslucent.uasset" 50
"../../../Engine/Content/EngineDebugMaterials/VolumeToRender.uasset" 51
"../../../Engine/Content/Functions/Engine_MaterialFunctions02/Utility/CameraDirectionVector.uasset" 52
"../../../Engine/Content/EngineDebugMaterials/M_VolumeRenderSphereTracePP.uasset" 53
"../../../Engine/Content/Functions/Engine_MaterialFunctions01/Shading/ConvertFromDiffSpec.uasset" 54
"../../../Engine/Content/EngineDebugMaterials/VertexColorMaterial.uasset" 55
"../../../Engine/Content/EngineDebugMaterials/WireframeMaterial.uasset" 56
"../../../Engine/Content/EngineFonts/Faces/RobotoRegular.uasset" 57
"../../../Engine/Content/EngineFonts/Faces/RobotoLight.uasset" 58
"../../../Engine/Content/EngineFonts/Faces/RobotoItalic.uasset" 59
"../../../Engine/Content/EngineFonts/Faces/RobotoBoldItalic.uasset" 60
"../../../Engine/Content/EngineFonts/Faces/RobotoBold.uasset" 61
"../../../Engine/Content/EngineFonts/Faces/DroidSansFallback.uasset" 62
"../../../Engine/Content/EngineFonts/Roboto.uasset" 63
"../../../Engine/Content/EngineMaterials/BaseFlattenNormalMap.uasset" 64
"../../../Engine/Content/EngineMaterials/BaseFlattenGrayscaleMap.uasset" 65
"../../../Engine/Content/EngineMaterials/BaseFlattenEmissiveMap.uasset" 66
"../../../Engine/Content/EngineMaterials/BaseFlattenDiffuseMap.uasset" 67
"../../../Engine/Content/EngineMaterials/BaseFlattenMaterial.uasset" 68
"../../../Engine/Content/EngineMaterials/BlueNoise.uasset" 69
"../../../Engine/Content/EngineMaterials/DefaultBloomKernel.uasset" 70
"../../../Engine/Content/EngineMaterials/DefaultBokeh.uasset" 71
"../../../Engine/Content/EngineMaterials/DefaultDiffuse.uasset" 72
"../../../Engine/Content/EngineMaterials/DefaultDeferredDecalMaterial.uasset" 73
"../../../Engine/Content/EngineMaterials/DefaultLightFunctionMaterial.uasset" 74
"../../../Engine/Content/EngineMaterials/DefaultPhysicalMaterial.uasset" 75
"../../../Engine/Content/Functions/Engine_MaterialFunctions02/Utility/BreakOutFloat2Components.uasset" 76
"../../../Engine/Content/EngineMaterials/DefaultPostProcessMaterial.uasset" 77
"../../../Engine/Content/EngineFonts/RobotoDistanceField.uasset" 78
"../../../Engine/Content/EngineMaterials/DefaultTextMaterialOpaque.uasset" 79
"../../../Engine/Content/EngineMaterials/DefaultWhiteGrid.uasset" 80
"../../../Engine/Content/EngineMaterials/DefaultWhiteGrid_Low.uasset" 81
"../../../Engine/Content/EngineMaterials/EmissiveMeshMaterial.uasset" 82
"../../../Engine/Content/EngineMaterials/GizmoMaterial.uasset" 83
"../../../Engine/Content/EngineMaterials/Good64x64TilingNoiseHighFreq.uasset" 84
"../../../Engine/Content/EngineMaterials/MiniFont.uasset" 85
"../../../Engine/Content/EngineMaterials/InvalidLightmapSettings.uasset" 86
"../../../Engine/Content/EngineMaterials/M_InvalidLightmapSettings.uasset" 87
"../../../Engine/Content/Functions/Engine_MaterialFunctions02/WorldPositionOffset/CameraOffset.uasset" 88
"../../../Engine/Content/EngineMaterials/PhAT_JointLimitMaterial.uasset" 89
"../../../Engine/Content/EngineMaterials/PreintegratedSkinBRDF.uasset" 90
"../../../Engine/Content/EngineMaterials/RemoveSurfaceMaterial.uasset" 91
"../../../Engine/Content/EngineMaterials/WeightMapPlaceholderTexture.uasset" 92
"../../../Engine/Content/EngineResources/WhiteSquareTexture.uasset" 93
"../../../Engine/Content/EngineMaterials/Widget3DPassThrough.uasset" 94
"../../../Engine/Content/EngineMaterials/Widget3DPassThrough_Masked.uasset" 95
"../../../Engine/Content/EngineMaterials/Widget3DPassThrough_Opaque.uasset" 96
"../../../Engine/Content/EngineMaterials/Widget3DPassThrough_Masked_OneSided.uasset" 97
"../../../Engine/Content/EngineMaterials/Widget3DPassThrough_Opaque_OneSided.uasset" 98
"../../../Engine/Content/EngineMaterials/Widget3DPassThrough_Translucent.uasset" 99
"../../../Engine/Content/EngineMaterials/Widget3DPassThrough_Translucent_OneSided.uasset" 100
"../../../Engine/Content/EngineMeshes/Cube.uasset" 101
"../../../Engine/Content/EngineMeshes/Cylinder.uasset" 102
"../../../Engine/Content/EngineMeshes/Sphere.uasset" 103
"../../../Engine/Content/EngineResources/Black.uasset" 104
"../../../Engine/Content/EngineResources/DefaultTextureCube.uasset" 105
"../../../Engine/Content/EngineResources/DefaultVolumeTexture2D.uasset" 106
"../../../Engine/Content/EngineResources/DefaultVolumeTexture.uasset" 107
"../../../Engine/Content/EngineResources/GradientTexture0.uasset" 108
"../../../Engine/Content/EngineSky/VolumetricClouds/T_NoiseShape64.uasset" 109
"../../../Engine/Content/EngineSky/VolumetricClouds/T_VolumeNoiseShape64.uasset" 110
"../../../Engine/Content/EngineSky/VolumetricClouds/T_NoiseErosion.uasset" 111
"../../../Engine/Content/EngineSky/VolumetricClouds/T_VolumeNoiseErosion32.uasset" 112
"../../../Engine/Content/EngineSky/VolumetricClouds/CloudWeatherTexture.uasset" 113
"../../../Engine/Content/EngineSky/VolumetricClouds/CloudGradientTexture.uasset" 114
"../../../Engine/Content/Functions/Engine_MaterialFunctions02/Utility/MakeFloat2.uasset" 115
"../../../Engine/Content/EngineSky/VolumetricClouds/m_SimpleVolumetricCloud.uasset" 116
"../../../Engine/Content/EngineSky/VolumetricClouds/m_SimpleVolumetricCloud_Inst.uasset" 117
"../../../Engine/Content/EngineSounds/Master.uasset" 118
"../../../Engine/Content/Functions/Engine_MaterialFunctions01/Shading/PowerToRoughness.uasset" 119
"../../../Engine/Content/Maps/Templates/Thumbnails/Default.uasset" 120
"../../../Engine/Content/Maps/Templates/Thumbnails/TimeOfDay.uasset" 121
"../../../Engine/Content/Maps/Templates/Thumbnails/VR-Basic.uasset" 122
"../../../Engine/Content/MobileResources/T_MobileControls_texture.uasset" 123
"../../../Engine/Content/MobileResources/T_MobileMenu2.uasset" 124
"../../../Engine/Content/MobileResources/HUD/AnalogHat.uasset" 125
"../../../Engine/Content/MobileResources/HUD/VirtualJoystick_Thumb.uasset" 126
"../../../Engine/Content/MobileResources/HUD/VirtualJoystick_Background.uasset" 127
"../../../Engine/Content/MobileResources/HUD/DefaultVirtualJoysticks.uasset" 128
"../../../Engine/Content/MobileResources/HUD/LeftVirtualJoystickOnly.uasset" 129
"../../../Engine/Content/MobileResources/HUD/MobileHUDButton1_off.uasset" 130
"../../../Engine/Content/MobileResources/HUD/MobileHUDButton1_on.uasset" 131
"../../../Engine/Content/MobileResources/HUD/MobileHUDButton2_off.uasset" 132
"../../../Engine/Content/MobileResources/HUD/MobileHUDButton2_on.uasset" 133
"../../../Engine/Content/MobileResources/HUD/MobileHUDButton3.uasset" 134
"../../../Engine/Content/MobileResources/HUD/MobileHUDButtonFire.uasset" 135
"../../../Engine/Content/MobileResources/HUD/MobileHUDDirectionPad.uasset" 136
"../../../Engine/Content/MobileResources/HUD/MobileHUDDirectionPad2.uasset" 137
"../../../Engine/Content/MobileResources/HUD/MobileHUDDirectionPad3.uasset" 138
"../../../Engine/Content/MobileResources/HUD/MobileHUDDirectionStick.uasset" 139
"../../../Engine/Content/MobileResources/HUD/T_Castle_ThumbstickInner.uasset" 140
"../../../Engine/Content/MobileResources/HUD/T_Castle_ThumbstickOutter.uasset" 141
"../../../Engine/Content/Tutorial/ContentIntroCurve.uasset" 142
"../../../Engine/Content/Tutorial/Basics/LevelEditorAttract.uasset" 143
"../../../Engine/Content/Tutorial/Basics/TutorialAssets/icon_tab_Levels_40x.uasset" 144
"../../../Engine/Content/Tutorial/Basics/LevelEditorOverview.uasset" 145
"../../../Engine/Content/Tutorial/BlueprintTutorials/TutorialAssets/Blueprint_64x.uasset" 146
"../../../Engine/Content/Tutorial/BlueprintTutorials/BlueprintEditorTutorial.uasset" 147
"../../../Engine/Content/Tutorial/BlueprintTutorials/LevelBlueprintEditorOverview.uasset" 148
"../../../Engine/Content/Tutorial/SubEditors/MaterialEditorTutorial.uasset" 149
"../../../Engine/Content/Tutorial/SubEditors/StaticMeshEditorTutorial.uasset" 150
"../../../Engine/Content/Tutorial/SubEditors/TutorialAssets/TutorialMaterial.uasset" 151
"../../../Engine/Content/VREditor/TransformGizmo/TranslucentTransformGizmoMaterial.uasset" 152
"../../../Engine/Content/VREditor/LaserPointer/VR_LaserPower_01.uasset" 153
"../../../Engine/Content/VREditor/TransformGizmo/TransformGizmoMaterial.uasset" 154
"../../../Engine/Content/VREditor/TransformGizmo/BoundingBoxCorner.uasset" 155
"../../../Engine/Content/VREditor/TransformGizmo/BoundingBoxEdge.uasset" 156
"../../../Engine/Content/VREditor/TransformGizmo/PlaneTranslationHandle.uasset" 157
"../../../Engine/Content/VREditor/TransformGizmo/Xray.uasset" 158
"../../../Engine/Content/VREditor/TransformGizmo/Main.uasset" 159
"../../../Engine/Content/VREditor/TransformGizmo/SM_Sequencer_Key.uasset" 160
"../../../Engine/Content/VREditor/TransformGizmo/SM_Sequencer_Node.uasset" 161
"../../Plugins/2D/Paper2D/Content/PlaceholderTextures/DummySpriteTexture.uasset" 162
"../../Plugins/2D/Paper2D/Content/DummySprite.uasset" 163
"../../Plugins/2D/Paper2D/Content/DefaultPaperTerrainMaterial.uasset" 164
"../../Plugins/2D/Paper2D/Content/DefaultSpriteMaterial.uasset" 165
"../../Plugins/2D/Paper2D/Content/MaskedUnlitSpriteMaterial.uasset" 166
"../../Plugins/2D/Paper2D/Content/OpaqueUnlitSpriteMaterial.uasset" 167
"../../../Engine/Content/Functions/Engine_MaterialFunctions02/Utility/BreakOutFloat3Components.uasset" 168
"../../Plugins/Editor/SpeedTreeImporter/Content/SpeedTree9/UnpackInteger3.uasset" 169
"../../Plugins/Editor/SpeedTreeImporter/Content/SpeedTree9/UnpackDirection.uasset" 170
"../../Plugins/Editor/SpeedTreeImporter/Content/SpeedTree9/game_wind_noise.uasset" 171
"../../../Engine/Content/Functions/Engine_MaterialFunctions02/SafeNormalize.uasset" 172
"../../Plugins/Editor/SpeedTreeImporter/Content/SpeedTree9/SpeedTreeWindMotion.uasset" 173
"../../Plugins/Editor/SpeedTreeImporter/Content/SpeedTree9/SpeedTreeBranchMotion.uasset" 174
"../../../Engine/Content/Functions/Engine_MaterialFunctions02/ObjectLocalBounds.uasset" 175
"../../../Engine/Content/Functions/Engine_MaterialFunctions02/UVs/BoundingBoxBased_0-1_UVW.uasset" 176
"../../Plugins/Editor/SpeedTreeImporter/Content/SpeedTree9/SpeedTreeWind.uasset" 177
"../../Plugins/Editor/SpeedTreeImporter/Content/SpeedTree9/SpeedTreeBillboard.uasset" 178
"../../../Engine/Content/EngineResources/DefaultTexture.uasset" 179
"../../Plugins/Editor/SpeedTreeImporter/Content/SpeedTree9/SpeedTreeBillboardMaster.uasset" 180
"../../Plugins/Editor/SpeedTreeImporter/Content/SpeedTree9/SpeedTreeCameraFacing.uasset" 181
"../../Plugins/Editor/SpeedTreeImporter/Content/SpeedTree9/SpeedTreeMaster.uasset" 182
"../../../Engine/Content/BasicShapes/Cylinder.uasset" 183
"../../../Engine/Content/ArtTools/RenderToTexture/Materials/Debug/M_Emissive_Color.uasset" 184
"../../Plugins/Lumin/MagicLeapPassableWorld/Content/MagicLeapARPinInfoActor.uasset" 185
"../../Plugins/Runtime/HairStrands/Content/Materials/HairCardsDefaultMaterial.uasset" 186
"../../../Engine/Content/EngineMaterials/HairDebugColor.uasset" 187
"../../../Engine/Content/EngineMaterials/HairColorMap.uasset" 188
"../../../Engine/Content/Functions/Engine_MaterialFunctions02/Utility/MakeFloat3.uasset" 189
"../../Plugins/Runtime/HairStrands/Content/Materials/HairDebugMaterial.uasset" 190
"../../Plugins/Runtime/HairStrands/Content/Materials/HairDefaultMaterial.uasset" 191
"../../Plugins/Runtime/HairStrands/Content/Materials/HairMeshesDefaultMaterial.uasset" 192
"../../../../../My games/CatsWar/Content/PolygonTown/Textures/T_PolygonTown_01_A.uasset" 193
"../../../../../My games/CatsWar/Content/PolygonTown/Textures/Misc/T_PolygonTown_Roughness.uasset" 194
"../../../../../My games/CatsWar/Content/PolygonTown/Textures/Misc/T_PolygonTown_Normal_A.uasset" 195
"../../../../../My games/CatsWar/Content/PolygonTown/Textures/Misc/T_PolygonTown_Metallic.uasset" 196
"../../../../../My games/CatsWar/Content/PolygonTown/Textures/Misc/T_PolygonTown_Emissive_01.uasset" 197
"../../../../../My games/CatsWar/Content/PolygonTown/Materials/Mat_PolygonTown_01_A.uasset" 198
"../../../../../My games/CatsWar/Content/PolygonTown/Meshes/Props/SM_Prop_Stool_01.uasset" 199
"../../../../../My games/CatsWar/Content/PolygonTown/Meshes/Props/SM_Prop_SolarPanel_01.uasset" 200
"../../../../../My games/CatsWar/Content/PolygonTown/Meshes/Props/SM_Prop_SlushieMachine_01.uasset" 201
"../../../../../My games/CatsWar/Content/PolygonTown/Meshes/Props/SM_Prop_Sign_Stop_01.uasset" 202
"../../../../../My games/CatsWar/Content/PolygonTown/Meshes/Props/SM_Prop_Sign_BusStop_01.uasset" 203
"../../../../../My games/CatsWar/Content/PolygonTown/Materials/Misc/Mat_PolygonTown_Glass.uasset" 204
"../../../../../My games/CatsWar/Content/PolygonTown/Meshes/Props/SM_Prop_Shower_02.uasset" 205
"../../../../../My games/CatsWar/Content/PolygonTown/Meshes/Props/SM_Prop_Shower_01.uasset" 206
"../../../../../My games/CatsWar/Content/PolygonTown/Meshes/Props/SM_Prop_ShopShelf_Wall_01.uasset" 207
"../../../../../My games/CatsWar/Content/PolygonTown/Meshes/Props/SM_Prop_ShopShelf_02.uasset" 208
"../../../../../My games/CatsWar/Content/PolygonTown/Meshes/Props/SM_Prop_ShopShelf_01.uasset" 209
"../../../../../My games/CatsWar/Content/PolygonTown/Meshes/Props/SM_Prop_ShopFridge_02.uasset" 210
"../../../../../My games/CatsWar/Content/PolygonTown/Meshes/Props/SM_Prop_ShopFridge_01_Door_01.uasset" 211
"../../../../../My games/CatsWar/Content/PolygonTown/Meshes/Props/SM_Prop_ShopFridge_01.uasset" 212
"../../../../../My games/CatsWar/Content/PolygonTown/Meshes/Props/SM_Prop_ShopCounter_02.uasset" 213
"../../../../../My games/CatsWar/Content/PolygonTown/Meshes/Props/SM_Prop_ShopCounter_01.uasset" 214
"../../../../../My games/CatsWar/Content/PolygonTown/Meshes/Props/SM_Prop_ShopCheckout_01.uasset" 215
"../../../../../My games/CatsWar/Content/PolygonTown/Meshes/Props/SM_Prop_Shelf_01_Drawer_03.uasset" 216
"../../../../../My games/CatsWar/Content/PolygonTown/Meshes/Props/SM_Prop_Shelf_01_Drawer_02.uasset" 217
"../../../../../My games/CatsWar/Content/PolygonTown/Meshes/Props/SM_Prop_Shelf_01_Drawer_01.uasset" 218
"../../../../../My games/CatsWar/Content/PolygonTown/Meshes/Props/SM_Prop_Shelf_01_Door_01.uasset" 219
"../../../../../My games/CatsWar/Content/PolygonTown/Meshes/Props/SM_Prop_Shelf_01.uasset" 220
"../../../../../My games/CatsWar/Content/PolygonTown/Meshes/Props/SM_Prop_SecurityLights_01.uasset" 221
"../../../../../My games/CatsWar/Content/PolygonTown/Meshes/Props/SM_Prop_SatelliteDish_02.uasset" 222
"../../../../../My games/CatsWar/Content/PolygonTown/Meshes/Props/SM_Prop_SatelliteDish_01.uasset" 223
"../../../../../My games/CatsWar/Content/PolygonTown/Meshes/Props/SM_Prop_Sandpit_01.uasset" 224
"../../../../../My games/CatsWar/Content/PolygonTown/Meshes/Props/SM_Prop_SandBucket_01.uasset" 225
"../../../../../My games/CatsWar/Content/PolygonTown/Meshes/Props/SM_Prop_Safe_Door_01.uasset" 226
"../../../../../My games/CatsWar/Content/PolygonTown/Meshes/Props/SM_Prop_Safe_01.uasset" 227
"../../../../../My games/CatsWar/Content/PolygonTown/Meshes/Props/SM_Prop_Rug_03.uasset" 228
"../../../../../My games/CatsWar/Content/PolygonTown/Meshes/Props/SM_Prop_Rug_02.uasset" 229
"../../../../../My games/CatsWar/Content/PolygonTown/Meshes/Props/SM_Prop_RubbishBin_Small_01.uasset" 230
"../../../../../My games/CatsWar/Content/PolygonTown/Meshes/Props/SM_Prop_RubbishBin_02_Lid.uasset" 231
"../../../../../My games/CatsWar/Content/PolygonTown/Meshes/Props/SM_Prop_RubbishBin_02.uasset" 232
"../../../../../My games/CatsWar/Content/PolygonTown/Meshes/Props/SM_Prop_RubbishBin_01_Lid.uasset" 233
"../../../../../My games/CatsWar/Content/PolygonTown/Meshes/Props/SM_Prop_RubbishBin_01.uasset" 234
"../../../../../My games/CatsWar/Content/PolygonTown/Meshes/Props/SM_Prop_Propanel_01.uasset" 235
"../../../../../My games/CatsWar/Content/PolygonTown/Meshes/Props/SM_Prop_Propane_Tall_02.uasset" 236
"../../../../../My games/CatsWar/Content/PolygonTown/Meshes/Props/SM_Prop_Propane_01.uasset" 237
"../../../../../My games/CatsWar/Content/PolygonTown/Meshes/Props/SM_Prop_PowerPlug_01.uasset" 238
"../../../../../My games/CatsWar/Content/PolygonTown/Meshes/Props/SM_Prop_PotPlant_Hanging_02.uasset" 239
"../../../../../My games/CatsWar/Content/PolygonTown/Meshes/Props/SM_Prop_PotPlant_Hanging_01.uasset" 240
"../../../../../My games/CatsWar/Content/PolygonTown/Meshes/Props/SM_Prop_PotPlant_01.uasset" 241
"../../../../../My games/CatsWar/Content/PolygonTown/Materials/Misc/Mat_Water.uasset" 242
"../../../../../My games/CatsWar/Content/PolygonTown/Meshes/Props/SM_Prop_Pool_Spa_Water_01.uasset" 243
"../../../../../My games/CatsWar/Content/PolygonTown/Meshes/Props/SM_Prop_Pool_Spa_01.uasset" 244
"../../../../../My games/CatsWar/Content/PolygonTown/Meshes/Props/SM_Prop_Pool_Ladder_02.uasset" 245
"../../../../../My games/CatsWar/Content/PolygonTown/Meshes/Props/SM_Prop_Pool_Ladder_01.uasset" 246
"../../../../../My games/CatsWar/Content/PolygonTown/Meshes/Props/SM_Prop_Pool_Inground_Water_01.uasset" 247
"../../../../../My games/CatsWar/Content/PolygonTown/Meshes/Props/SM_Prop_Pool_Inground_01.uasset" 248
"../../../../../My games/CatsWar/Content/PolygonTown/Meshes/Props/SM_Prop_Pool_Float_Ring_04.uasset" 249
"../../../../../My games/CatsWar/Content/PolygonTown/Meshes/Props/SM_Prop_Pool_Float_Ring_03.uasset" 250
"../../../../../My games/CatsWar/Content/PolygonTown/Meshes/Props/SM_Prop_Pool_Float_Noodle_03.uasset" 251
"../../../../../My games/CatsWar/Content/PolygonTown/Meshes/Props/SM_Prop_Pool_Float_Bed_01.uasset" 252
"../../../../../My games/CatsWar/Content/PolygonTown/Meshes/Props/SM_Prop_Pool_Aboveground_Water_01.uasset" 253
"../../../../../My games/CatsWar/Content/PolygonTown/Meshes/Props/SM_Prop_Pool_Aboveground_01.uasset" 254
"../../../../../My games/CatsWar/Content/PolygonTown/Meshes/Props/SM_Prop_Playground_Table_01.uasset" 255
"../../../../../My games/CatsWar/Content/PolygonTown/Meshes/Props/SM_Prop_Playground_Swing_01.uasset" 256
"../../../../../My games/CatsWar/Content/PolygonTown/Meshes/Props/SM_Prop_Playground_Slide_01.uasset" 257
"../../../../../My games/CatsWar/Content/PolygonTown/Meshes/Props/SM_Prop_Playground_Roundabout_01.uasset" 258
"../../../../../My games/CatsWar/Content/PolygonTown/Meshes/Props/SM_Prop_Playground_Fort_01.uasset" 259
"../../../../../My games/CatsWar/Content/PolygonTown/Meshes/Props/SM_Prop_Plate_02.uasset" 260
"../../../../../My games/CatsWar/Content/PolygonTown/Meshes/Props/SM_Prop_Plate_01.uasset" 261
"../../../../../My games/CatsWar/Content/PolygonTown/Meshes/Props/SM_Prop_Plant_02.uasset" 262
"../../../../../My games/CatsWar/Content/PolygonTown/Meshes/Props/SM_Prop_Phone_01.uasset" 263
"../../../../../My games/CatsWar/Content/PolygonTown/Meshes/Props/SM_Prop_PetBowl_02.uasset" 264
"../../../../../My games/CatsWar/Content/PolygonTown/Meshes/Props/SM_Prop_ParkBench_01.uasset" 265
"../../../../../My games/CatsWar/Content/PolygonTown/Meshes/Props/SM_Prop_Oven_Lid_01.uasset" 266
"../../../../../My games/CatsWar/Content/PolygonTown/Meshes/Props/SM_Prop_Oven_01.uasset" 267
"../../../../../My games/CatsWar/Content/PolygonTown/Meshes/Props/SM_Prop_Outdoor_Table_02.uasset" 268
"../../../../../My games/CatsWar/Content/PolygonTown/Meshes/Props/SM_Prop_Outdoor_Table_01.uasset" 269
"../../../../../My games/CatsWar/Content/PolygonTown/Meshes/Props/SM_Prop_Outdoor_Heater_01.uasset" 270
"../../../../../My games/CatsWar/Content/PolygonTown/Materials/Misc/Mat_Mirror.uasset" 271
"../../../../../My games/CatsWar/Content/PolygonTown/Meshes/Props/SM_Prop_Mirror_02.uasset" 272
"../../../../../My games/CatsWar/Content/PolygonTown/Meshes/Props/SM_Prop_Mirror_01.uasset" 273
"../../../../../My games/CatsWar/Content/PolygonTown/Meshes/Props/SM_Prop_Microwave_Door_01.uasset" 274
"../../../../../My games/CatsWar/Content/PolygonTown/Meshes/Props/SM_Prop_Microwave_01.uasset" 275
"../../../../../My games/CatsWar/Content/PolygonTown/Meshes/Props/SM_Prop_Manhole_01.uasset" 276
"../../../../../My games/CatsWar/Content/PolygonTown/Meshes/Props/SM_Prop_Lightswitch_01.uasset" 277
"../../../../../My games/CatsWar/Content/PolygonTown/Meshes/Props/SM_Prop_LetterBox_02_Door.uasset" 278
"../../../../../My games/CatsWar/Content/PolygonTown/Meshes/Props/SM_Prop_LetterBox_02.uasset" 279
"../../../../../My games/CatsWar/Content/PolygonTown/Meshes/Props/SM_Prop_LetterBox_01_Flag.uasset" 280
"../../../../../My games/CatsWar/Content/PolygonTown/Meshes/Props/SM_Prop_LetterBox_01_Door_01.uasset" 281
"../../../../../My games/CatsWar/Content/PolygonTown/Meshes/Props/SM_Prop_LetterBox_01.uasset" 282
"../../../../../My games/CatsWar/Content/PolygonTown/Meshes/Props/SM_Prop_LaundryBox_01.uasset" 283
"../../../../../My games/CatsWar/Content/PolygonTown/Meshes/Props/SM_Prop_LaundryBin_01_Clothes.uasset" 284
"../../../../../My games/CatsWar/Content/PolygonTown/Meshes/Props/SM_Prop_LaundryBin_01.uasset" 285
"../../../../../My games/CatsWar/Content/PolygonTown/Meshes/Vehicles/SK_Veh_Truck_Delivery_01_Skeleton.uasset" 286
"../../../../../My games/CatsWar/Content/PolygonTown/Meshes/Vehicles/SK_Veh_Truck_Delivery_01_PhysicsAsset.uasset" 287
"../../../../../My games/CatsWar/Content/PolygonTown/Materials/Misc/Mat_Vehicle_Glass.uasset" 288
"../../../../../My games/CatsWar/Content/PolygonTown/Meshes/Vehicles/SM_Veh_Truck_Delivery_01.uasset" 289
"../../../../../My games/CatsWar/Content/PolygonTown/Meshes/Vehicles/SK_Veh_Truck_Garbage_01_Skeleton.uasset" 290
"../../../../../My games/CatsWar/Content/PolygonTown/Meshes/Vehicles/SK_Veh_Truck_Garbage_01_PhysicsAsset.uasset" 291
"../../../../../My games/CatsWar/Content/PolygonTown/Meshes/Vehicles/SK_Veh_Truck_Garbage_01.uasset" 292
"../../../../../My games/CatsWar/Content/PolygonTown/Meshes/Vehicles/SK_Veh_SchoolBus_01_Skeleton.uasset" 293
"../../../../../My games/CatsWar/Content/PolygonTown/Meshes/Vehicles/SK_Veh_SchoolBus_01_PhysicsAsset.uasset" 294
"../../../../../My games/CatsWar/Content/PolygonTown/Meshes/Vehicles/SK_Veh_SchoolBus_01.uasset" 295
"../../../../../My games/CatsWar/Content/PolygonTown/Meshes/Vehicles/SK_Veh_Pickup_01_Skeleton.uasset" 296
"../../../../../My games/CatsWar/Content/PolygonTown/Meshes/Vehicles/SK_Veh_Pickup_01_PhysicsAsset.uasset" 297
"../../../../../My games/CatsWar/Content/PolygonTown/Meshes/Vehicles/SK_Veh_Pickup_01.uasset" 298
"../../../../../My games/CatsWar/Content/PolygonTown/Meshes/Vehicles/SK_Veh_Firetruck_01_Skeleton.uasset" 299
"../../../../../My games/CatsWar/Content/PolygonTown/Meshes/Vehicles/SK_Veh_Firetruck_01_PhysicsAsset.uasset" 300
"../../../../../My games/CatsWar/Content/PolygonTown/Meshes/Vehicles/SK_Veh_Firetruck_01.uasset" 301
"../../../../../My games/CatsWar/Content/PolygonTown/Meshes/Vehicles/SK_Veh_Convertable_01_Skeleton.uasset" 302
"../../../../../My games/CatsWar/Content/PolygonTown/Meshes/Vehicles/SK_Veh_Convertable_01_PhysicsAsset.uasset" 303
"../../../../../My games/CatsWar/Content/PolygonTown/Meshes/Vehicles/SK_Veh_Convertable_01.uasset" 304
"../../../../../My games/CatsWar/Content/PolygonTown/Meshes/Vehicles/SK_Veh_Bus_01_Skeleton.uasset" 305
"../../../../../My games/CatsWar/Content/PolygonTown/Meshes/Vehicles/SK_Veh_Bus_01_PhysicsAsset.uasset" 306
"../../../../../My games/CatsWar/Content/PolygonTown/Meshes/Vehicles/SK_Veh_Bus_01.uasset" 307
"../../../../../My games/CatsWar/Content/PolygonTown/Meshes/Props/SM_Prop_WorkShelf_01_Combined.uasset" 308
"../../../../../My games/CatsWar/Content/PolygonTown/Meshes/Props/SM_Prop_Workbench_01.uasset" 309
"../../../../../My games/CatsWar/Content/PolygonTown/Meshes/Props/SM_Prop_Wheelbarrow_01.uasset" 310
"../../../../../My games/CatsWar/Content/PolygonTown/Meshes/Props/SM_Prop_WashingLine_05.uasset" 311
"../../../../../My games/CatsWar/Content/PolygonTown/Meshes/Props/SM_Prop_Wardrobe_02_Door_02.uasset" 312
"../../../../../My games/CatsWar/Content/PolygonTown/Meshes/Props/SM_Prop_Wardrobe_02_Door_01.uasset" 313
"../../../../../My games/CatsWar/Content/PolygonTown/Meshes/Props/SM_Prop_Wardrobe_02.uasset" 314
"../../../../../My games/CatsWar/Content/PolygonTown/Meshes/Props/SM_Prop_Wardrobe_01_Drawer_01.uasset" 315
"../../../../../My games/CatsWar/Content/PolygonTown/Meshes/Props/SM_Prop_Wardrobe_01_Door_02.uasset" 316
"../../../../../My games/CatsWar/Content/PolygonTown/Meshes/Props/SM_Prop_Wardrobe_01_Door_01.uasset" 317
"../../../../../My games/CatsWar/Content/PolygonTown/Meshes/Props/SM_Prop_Wardrobe_01.uasset" 318
"../../../../../My games/CatsWar/Content/PolygonTown/Meshes/Props/SM_Prop_VendingMachine_01.uasset" 319
"../../../../../My games/CatsWar/Content/PolygonTown/Meshes/Props/SM_Prop_TVCabinet_01_Door_03.uasset" 320
"../../../../../My games/CatsWar/Content/PolygonTown/Meshes/Props/SM_Prop_TVCabinet_01_Door_01.uasset" 321
"../../../../../My games/CatsWar/Content/PolygonTown/Meshes/Props/SM_Prop_TVCabinet_01.uasset" 322
"../../../../../My games/CatsWar/Content/PolygonTown/Meshes/Props/SM_Prop_TrashBag_02.uasset" 323
"../../../../../My games/CatsWar/Content/PolygonTown/Meshes/Props/SM_Prop_TrashBag_01.uasset" 324
"../../../../../My games/CatsWar/Content/PolygonTown/Meshes/Props/SM_Prop_Trampoline_01.uasset" 325
"../../../../../My games/CatsWar/Content/PolygonTown/Meshes/Props/SM_Prop_TowelRack_02.uasset" 326
"../../../../../My games/CatsWar/Content/PolygonTown/Meshes/Props/SM_Prop_ToolCabinet_01.uasset" 327
"../../../../../My games/CatsWar/Content/PolygonTown/Meshes/Props/SM_Prop_ToolBoard_01_Combined.uasset" 328
"../../../../../My games/CatsWar/Content/PolygonTown/Meshes/Props/SM_Prop_Toilet_01_Seat.uasset" 329
"../../../../../My games/CatsWar/Content/PolygonTown/Meshes/Props/SM_Prop_Toilet_01_Lid.uasset" 330
"../../../../../My games/CatsWar/Content/PolygonTown/Meshes/Props/SM_Prop_Toilet_01.uasset" 331
"../../../../../My games/CatsWar/Content/PolygonTown/Meshes/Props/SM_Prop_Toaster_01.uasset" 332
"../../../../../My games/CatsWar/Content/PolygonTown/Meshes/Props/SM_Prop_Television_Remote_01.uasset" 333
"../../../../../My games/CatsWar/Content/PolygonTown/Materials/Misc/Mat_TVScreen.uasset" 334
"../../../../../My games/CatsWar/Content/PolygonTown/Meshes/Props/SM_Prop_Television_Flat_01.uasset" 335
"../../../../../My games/CatsWar/Content/PolygonTown/Meshes/Props/SM_Prop_Television_DVD_01.uasset" 336
"../../../../../My games/CatsWar/Content/PolygonTown/Meshes/Props/SM_Prop_StreetSign_Pole_01.uasset" 337
"../../../../../My games/CatsWar/Content/PolygonTown/Meshes/Props/SM_Prop_Streetlamp_02.uasset" 338
"../../../../../My games/CatsWar/Content/PolygonTown/Meshes/Props/SM_Prop_Streetlamp_01.uasset" 339
"../../../../../My games/CatsWar/Content/PolygonTown/Meshes/Props/SM_Prop_CoffeeTable_02.uasset" 340
"../../../../../My games/CatsWar/Content/PolygonTown/Meshes/Props/SM_Prop_CoffeeTable_01.uasset" 341
"../../../../../My games/CatsWar/Content/PolygonTown/Meshes/Props/SM_Prop_CoffeeMachine_01.uasset" 342
"../../../../../My games/CatsWar/Content/PolygonTown/Meshes/Props/SM_Prop_Coffee_Pot_01.uasset" 343
"../../../../../My games/CatsWar/Content/PolygonTown/Meshes/Props/SM_Prop_Clock_01.uasset" 344
"../../../../../My games/CatsWar/Content/PolygonTown/Meshes/Props/SM_Prop_Church_Stand_01.uasset" 345
"../../../../../My games/CatsWar/Content/PolygonTown/Meshes/Props/SM_Prop_Church_Pew_01.uasset" 346
"../../../../../My games/CatsWar/Content/PolygonTown/Meshes/Props/SM_Prop_Cheese_01.uasset" 347
"../../../../../My games/CatsWar/Content/PolygonTown/Meshes/Props/SM_Prop_Chair_05.uasset" 348
"../../../../../My games/CatsWar/Content/PolygonTown/Meshes/Props/SM_Prop_Chair_04.uasset" 349
"../../../../../My games/CatsWar/Content/PolygonTown/Meshes/Props/SM_Prop_Chair_02.uasset" 350
"../../../../../My games/CatsWar/Content/PolygonTown/Meshes/Props/SM_Prop_Chair_01.uasset" 351
"../../../../../My games/CatsWar/Content/PolygonTown/Meshes/Props/SM_Prop_CeilingLight_06.uasset" 352
"../../../../../My games/CatsWar/Content/PolygonTown/Meshes/Props/SM_Prop_CeilingLight_05.uasset" 353
"../../../../../My games/CatsWar/Content/PolygonTown/Meshes/Props/SM_Prop_CeilingLight_04.uasset" 354
"../../../../../My games/CatsWar/Content/PolygonTown/Meshes/Props/SM_Prop_CeilingFan_Blade_01.uasset" 355
"../../../../../My games/CatsWar/Content/PolygonTown/Meshes/Props/SM_Prop_CeilingFan_01.uasset" 356
"../../../../../My games/CatsWar/Content/PolygonTown/Meshes/Props/SM_Prop_CeilingExit_01.uasset" 357
"../../../../../My games/CatsWar/Content/PolygonTown/Meshes/Props/SM_Prop_Cart_01.uasset" 358
"../../../../../My games/CatsWar/Content/PolygonTown/Meshes/Props/SM_Prop_CardboardBox_05.uasset" 359
"../../../../../My games/CatsWar/Content/PolygonTown/Meshes/Props/SM_Prop_CardboardBox_04.uasset" 360
"../../../../../My games/CatsWar/Content/PolygonTown/Meshes/Props/SM_Prop_CardboardBox_03.uasset" 361
"../../../../../My games/CatsWar/Content/PolygonTown/Meshes/Props/SM_Prop_CardboardBox_01.uasset" 362
"../../../../../My games/CatsWar/Content/PolygonTown/Meshes/Props/SM_Prop_Cabinet_01_Door_02.uasset" 363
"../../../../../My games/CatsWar/Content/PolygonTown/Meshes/Props/SM_Prop_Cabinet_01_Door_01.uasset" 364
"../../../../../My games/CatsWar/Content/PolygonTown/Meshes/Props/SM_Prop_Cabinet_01.uasset" 365
"../../../../../My games/CatsWar/Content/PolygonTown/Meshes/Props/SM_Prop_Bucket_01.uasset" 366
"../../../../../My games/CatsWar/Content/PolygonTown/Meshes/Props/SM_Prop_BreadBin_01.uasset" 367
"../../../../../My games/CatsWar/Content/PolygonTown/Meshes/Props/SM_Prop_Bookshelf_01.uasset" 368
"../../../../../My games/CatsWar/Content/PolygonTown/Meshes/Props/SM_Prop_BookOpen_01.uasset" 369
"../../../../../My games/CatsWar/Content/PolygonTown/Meshes/Props/SM_Prop_Book_Group_08.uasset" 370
"../../../../../My games/CatsWar/Content/PolygonTown/Meshes/Props/SM_Prop_Book_Group_07.uasset" 371
"../../../../../My games/CatsWar/Content/PolygonTown/Meshes/Props/SM_Prop_Book_Group_06.uasset" 372
"../../../../../My games/CatsWar/Content/PolygonTown/Meshes/Props/SM_Prop_Book_Group_05.uasset" 373
"../../../../../My games/CatsWar/Content/PolygonTown/Meshes/Props/SM_Prop_Book_Group_04.uasset" 374
"../../../../../My games/CatsWar/Content/PolygonTown/Meshes/Props/SM_Prop_Book_Group_03.uasset" 375
"../../../../../My games/CatsWar/Content/PolygonTown/Meshes/Props/SM_Prop_Book_Group_02.uasset" 376
"../../../../../My games/CatsWar/Content/PolygonTown/Meshes/Props/SM_Prop_Book_Group_01.uasset" 377
"../../../../../My games/CatsWar/Content/PolygonTown/Meshes/Props/SM_Prop_BikeStand_01.uasset" 378
"../../../../../My games/CatsWar/Content/PolygonTown/Meshes/Props/SM_Prop_Bed_Single_03.uasset" 379
"../../../../../My games/CatsWar/Content/PolygonTown/Meshes/Props/SM_Prop_Bed_Double_01.uasset" 380
"../../../../../My games/CatsWar/Content/PolygonTown/Meshes/Props/SM_Prop_Bed_Bunk_01.uasset" 381
"../../../../../My games/CatsWar/Content/PolygonTown/Meshes/Props/SM_Prop_BathroomSink_02.uasset" 382
"../../../../../My games/CatsWar/Content/PolygonTown/Meshes/Props/SM_Prop_BathroomSink_01.uasset" 383
"../../../../../My games/CatsWar/Content/PolygonTown/Meshes/Props/SM_Prop_Bath_01_Water.uasset" 384
"../../../../../My games/CatsWar/Content/PolygonTown/Meshes/Props/SM_Prop_Bath_01.uasset" 385
"../../../../../My games/CatsWar/Content/PolygonTown/Meshes/Props/SM_Prop_Barbeque_Lid_01.uasset" 386
"../../../../../My games/CatsWar/Content/PolygonTown/Meshes/Props/SM_Prop_Barbeque_01.uasset" 387
"../../../../../My games/CatsWar/Content/PolygonTown/Meshes/Props/SM_Prop_BabyCot_Mobile_01.uasset" 388
"../../../../../My games/CatsWar/Content/PolygonTown/Meshes/Props/SM_Prop_BabyCot_Door_01.uasset" 389
"../../../../../My games/CatsWar/Content/PolygonTown/Meshes/Props/SM_Prop_BabyCot_01.uasset" 390
"../../../../../My games/CatsWar/Content/PolygonTown/Meshes/Props/SM_Prop_Art_Standing_03.uasset" 391
"../../../../../My games/CatsWar/Content/PolygonTown/Meshes/Props/SM_Prop_Art_Standing_01.uasset" 392
"../../../../../My games/CatsWar/Content/PolygonTown/Meshes/Props/SM_Prop_Art_08.uasset" 393
"../../../../../My games/CatsWar/Content/PolygonTown/Meshes/Props/SM_Prop_Art_05.uasset" 394
"../../../../../My games/CatsWar/Content/PolygonTown/Meshes/Props/SM_Prop_Art_04.uasset" 395
"../../../../../My games/CatsWar/Content/PolygonTown/Meshes/Props/SM_Prop_Art_03.uasset" 396
"../../../../../My games/CatsWar/Content/PolygonTown/Meshes/Props/SM_Prop_Art_02.uasset" 397
"../../../../../My games/CatsWar/Content/PolygonTown/Meshes/Props/SM_Prop_Antenna_01.uasset" 398
"../../../../../My games/CatsWar/Content/PolygonTown/Meshes/Props/SM_Prop_Airvent_Flat_01.uasset" 399
"../../../../../My games/CatsWar/Content/PolygonTown/Meshes/Props/SM_Prop_Airvent_02.uasset" 400
"../../../../../My games/CatsWar/Content/PolygonTown/Meshes/Props/SM_Prop_Airvent_01.uasset" 401
"../../../../../My games/CatsWar/Content/PolygonTown/Meshes/Items/SM_Item_Wrench_01.uasset" 402
"../../../../../My games/CatsWar/Content/PolygonTown/Meshes/Items/SM_Item_Toothbrush_Cup_01.uasset" 403
"../../../../../My games/CatsWar/Content/PolygonTown/Meshes/Items/SM_Item_ToolBox_01.uasset" 404
"../../../../../My games/CatsWar/Content/PolygonTown/Meshes/Items/SM_Item_ToiletRoll_Mounted_01.uasset" 405
"../../../../../My games/CatsWar/Content/PolygonTown/Meshes/Items/SM_Item_ToiletRoll_03.uasset" 406
"../../../../../My games/CatsWar/Content/PolygonTown/Meshes/Items/SM_Item_Soap_02.uasset" 407
"../../../../../My games/CatsWar/Content/PolygonTown/Meshes/Items/SM_Item_Sausage_Raw_01.uasset" 408
"../../../../../My games/CatsWar/Content/PolygonTown/Meshes/Items/SM_Item_Sausage_Cooked_01.uasset" 409
"../../../../../My games/CatsWar/Content/PolygonTown/Meshes/Items/SM_Item_Sausage_Bun_01.uasset" 410
"../../../../../My games/CatsWar/Content/PolygonTown/Meshes/Items/SM_Item_Pizza_Slice_01.uasset" 411
"../../../../../My games/CatsWar/Content/PolygonTown/Meshes/Items/SM_Item_Pizza_Lid_01.uasset" 412
"../../../../../My games/CatsWar/Content/PolygonTown/Meshes/Items/SM_Item_Pizza_Box_01.uasset" 413
"../../../../../My games/CatsWar/Content/PolygonTown/Meshes/Items/SM_Item_Pizza_01.uasset" 414
"../../../../../My games/CatsWar/Content/PolygonTown/Meshes/Items/SM_Item_Mouthwash_01.uasset" 415
"../../../../../My games/CatsWar/Content/PolygonTown/Meshes/Items/SM_Item_Hammer_01.uasset" 416
"../../../../../My games/CatsWar/Content/PolygonTown/Meshes/Items/SM_Item_Frisbee_01.uasset" 417
"../../../../../My games/CatsWar/Content/PolygonTown/Meshes/Items/SM_Item_Drink_Glass_02.uasset" 418
"../../../../../My games/CatsWar/Content/PolygonTown/Meshes/Items/SM_Item_Drink_Glass_01.uasset" 419
"../../../../../My games/CatsWar/Content/PolygonTown/Meshes/Items/SM_Item_Cutlery_Knife_01.uasset" 420
"../../../../../My games/CatsWar/Content/PolygonTown/Meshes/Items/SM_Item_Ball_Soccer_01.uasset" 421
"../../../../../My games/CatsWar/Content/PolygonTown/Meshes/Items/SM_Item_Ball_American_01.uasset" 422
"../../../../../My games/CatsWar/Content/PolygonTown/Meshes/Items/SM_Item_Alcohol_02.uasset" 423
"../../../../../My games/CatsWar/Content/PolygonTown/Meshes/Props/SM_Prop_Laundry_WasherTop_Lid_01.uasset" 424
"../../../../../My games/CatsWar/Content/PolygonTown/Meshes/Props/SM_Prop_Laundry_WasherTop_01.uasset" 425
"../../../../../My games/CatsWar/Content/PolygonTown/Meshes/Props/SM_Prop_Laundry_WasherFront_Door_01.uasset" 426
"../../../../../My games/CatsWar/Content/PolygonTown/Meshes/Props/SM_Prop_Laundry_WasherFront_Clothes_01.uasset" 427
"../../../../../My games/CatsWar/Content/PolygonTown/Meshes/Props/SM_Prop_Laundry_WasherFront_01.uasset" 428
"../../../../../My games/CatsWar/Content/PolygonTown/Meshes/Props/SM_Prop_Laundry_Pile_01.uasset" 429
"../../../../../My games/CatsWar/Content/PolygonTown/Meshes/Props/SM_Prop_LampStanding_01.uasset" 430
"../../../../../My games/CatsWar/Content/PolygonTown/Meshes/Props/SM_Prop_Lamp_03.uasset" 431
"../../../../../My games/CatsWar/Content/PolygonTown/Meshes/Props/SM_Prop_KitchenCabinet_01_Door_02.uasset" 432
"../../../../../My games/CatsWar/Content/PolygonTown/Meshes/Props/SM_Prop_KitchenCabinet_01_Door_01.uasset" 433
"../../../../../My games/CatsWar/Content/PolygonTown/Meshes/Props/SM_Prop_KitchenCabinet_01.uasset" 434
"../../../../../My games/CatsWar/Content/PolygonTown/Meshes/Props/SM_Prop_Kitchen_Fridge_02_Door_03.uasset" 435
"../../../../../My games/CatsWar/Content/PolygonTown/Meshes/Props/SM_Prop_Kitchen_Fridge_02_Door_02.uasset" 436
"../../../../../My games/CatsWar/Content/PolygonTown/Meshes/Props/SM_Prop_Kitchen_Fridge_02_Door_01.uasset" 437
"../../../../../My games/CatsWar/Content/PolygonTown/Meshes/Props/SM_Prop_Kitchen_Fridge_02.uasset" 438
"../../../../../My games/CatsWar/Content/PolygonTown/Meshes/Props/SM_Prop_Kitchen_Extractor_01.uasset" 439
"../../../../../My games/CatsWar/Content/PolygonTown/Meshes/Props/SM_Prop_Kitchen_CounterWashing_Machine_01_Door.uasset" 440
"../../../../../My games/CatsWar/Content/PolygonTown/Meshes/Props/SM_Prop_Kitchen_CounterWashing_Machine_01.uasset" 441
"../../../../../My games/CatsWar/Content/PolygonTown/Meshes/Props/SM_Prop_Kitchen_CounterWashing_01.uasset" 442
"../../../../../My games/CatsWar/Content/PolygonTown/Meshes/Props/SM_Prop_Kitchen_CounterSink_01_Door_02.uasset" 443
"../../../../../My games/CatsWar/Content/PolygonTown/Meshes/Props/SM_Prop_Kitchen_CounterSink_01_Door_01.uasset" 444
"../../../../../My games/CatsWar/Content/PolygonTown/Meshes/Props/SM_Prop_Kitchen_CounterSink_01.uasset" 445
"../../../../../My games/CatsWar/Content/PolygonTown/Meshes/Props/SM_Prop_Kitchen_CounterEnd_01.uasset" 446
"../../../../../My games/CatsWar/Content/PolygonTown/Meshes/Props/SM_Prop_Kitchen_CounterCorner_01.uasset" 447
"../../../../../My games/CatsWar/Content/PolygonTown/Meshes/Props/SM_Prop_Kitchen_Counter_02.uasset" 448
"../../../../../My games/CatsWar/Content/PolygonTown/Meshes/Props/SM_Prop_Kitchen_Counter_01_Drawer_01.uasset" 449
"../../../../../My games/CatsWar/Content/PolygonTown/Meshes/Props/SM_Prop_Kitchen_Counter_01_Door_02.uasset" 450
"../../../../../My games/CatsWar/Content/PolygonTown/Meshes/Props/SM_Prop_Kitchen_Counter_01_Door_01.uasset" 451
"../../../../../My games/CatsWar/Content/PolygonTown/Meshes/Props/SM_Prop_Kitchen_Counter_01.uasset" 452
"../../../../../My games/CatsWar/Content/PolygonTown/Meshes/Props/SM_Prop_Keg_01.uasset" 453
"../../../../../My games/CatsWar/Content/PolygonTown/Meshes/Props/SM_Prop_Jar_01.uasset" 454
"../../../../../My games/CatsWar/Content/PolygonTown/Meshes/Props/SM_Prop_Icecream_Freezer_Door_02.uasset" 455
"../../../../../My games/CatsWar/Content/PolygonTown/Meshes/Props/SM_Prop_Icecream_Freezer_Door_01.uasset" 456
"../../../../../My games/CatsWar/Content/PolygonTown/Meshes/Props/SM_Prop_Icecream_Freezer_01.uasset" 457
"../../../../../My games/CatsWar/Content/PolygonTown/Meshes/Props/SM_Prop_HotdogHeater_01.uasset" 458
"../../../../../My games/CatsWar/Content/PolygonTown/Meshes/Props/SM_Prop_HoseReel_01.uasset" 459
"../../../../../My games/CatsWar/Content/PolygonTown/Meshes/Props/SM_Prop_Hoop_Child_01.uasset" 460
"../../../../../My games/CatsWar/Content/PolygonTown/Meshes/Props/SM_Prop_Hoop_01.uasset" 461
"../../../../../My games/CatsWar/Content/PolygonTown/Meshes/Props/SM_Prop_Heater_02.uasset" 462
"../../../../../My games/CatsWar/Content/PolygonTown/Meshes/Props/SM_Prop_Heater_01.uasset" 463
"../../../../../My games/CatsWar/Content/PolygonTown/Meshes/Props/SM_Prop_Globe_01.uasset" 464
"../../../../../My games/CatsWar/Content/PolygonTown/Meshes/Props/SM_Prop_GlassesStand_01.uasset" 465
"../../../../../My games/CatsWar/Content/PolygonTown/Meshes/Props/SM_Prop_Gaspump_Cover_01.uasset" 466
"../../../../../My games/CatsWar/Content/PolygonTown/Meshes/Props/SM_Prop_Gaspump_Base_01.uasset" 467
"../../../../../My games/CatsWar/Content/PolygonTown/Meshes/Props/SM_Prop_Gaspump_01.uasset" 468
"../../../../../My games/CatsWar/Content/PolygonTown/Meshes/Props/SM_Prop_GardenMarker_01.uasset" 469
"../../../../../My games/CatsWar/Content/PolygonTown/Meshes/Props/SM_Prop_Game_Controller_01.uasset" 470
"../../../../../My games/CatsWar/Content/PolygonTown/Meshes/Props/SM_Prop_Game_Console_01.uasset" 471
"../../../../../My games/CatsWar/Content/PolygonTown/Meshes/Props/SM_Prop_FruitBowl_01.uasset" 472
"../../../../../My games/CatsWar/Content/PolygonTown/Meshes/Props/SM_Prop_FridgeDrinks_Contents_01.uasset" 473
"../../../../../My games/CatsWar/Content/PolygonTown/Meshes/Props/SM_Prop_FridgeDrinks_01.uasset" 474
"../../../../../My games/CatsWar/Content/PolygonTown/Meshes/Props/SM_Prop_ForSaleSign_01.uasset" 475
"../../../../../My games/CatsWar/Content/PolygonTown/Meshes/Props/SM_Prop_Flowers_03.uasset" 476
"../../../../../My games/CatsWar/Content/PolygonTown/Meshes/Props/SM_Prop_Flowers_02.uasset" 477
"../../../../../My games/CatsWar/Content/PolygonTown/Meshes/Props/SM_Prop_Flowers_01.uasset" 478
"../../../../../My games/CatsWar/Content/PolygonTown/Meshes/Props/SM_Prop_Flamingo_01.uasset" 479
"../../../../../My games/CatsWar/Content/PolygonTown/Meshes/Props/SM_Prop_Flag_Wall_01.uasset" 480
"../../../../../My games/CatsWar/Content/PolygonTown/Meshes/Props/SM_Prop_Fireplace_01.uasset" 481
"../../../../../My games/CatsWar/Content/PolygonTown/Meshes/Props/SM_Prop_DVDStack_02.uasset" 482
"../../../../../My games/CatsWar/Content/PolygonTown/Meshes/Props/SM_Prop_DVDStack_01.uasset" 483
"../../../../../My games/CatsWar/Content/PolygonTown/Meshes/Props/SM_Prop_Dresser_03_Drawer_01.uasset" 484
"../../../../../My games/CatsWar/Content/PolygonTown/Meshes/Props/SM_Prop_Dresser_03.uasset" 485
"../../../../../My games/CatsWar/Content/PolygonTown/Meshes/Props/SM_Prop_Dresser_01_Drawer_01.uasset" 486
"../../../../../My games/CatsWar/Content/PolygonTown/Meshes/Props/SM_Prop_Dresser_01.uasset" 487
"../../../../../My games/CatsWar/Content/PolygonTown/Meshes/Props/SM_Prop_Drain_01.uasset" 488
"../../../../../My games/CatsWar/Content/PolygonTown/Meshes/Props/SM_Prop_Doghouse_01.uasset" 489
"../../../../../My games/CatsWar/Content/PolygonTown/Meshes/Props/SM_Prop_DiningTable_02.uasset" 490
"../../../../../My games/CatsWar/Content/PolygonTown/Meshes/Props/SM_Prop_DiningChair_03.uasset" 491
"../../../../../My games/CatsWar/Content/PolygonTown/Meshes/Props/SM_Prop_DiningChair_02.uasset" 492
"../../../../../My games/CatsWar/Content/PolygonTown/Meshes/Props/SM_Prop_DeskChair_01.uasset" 493
"../../../../../My games/CatsWar/Content/PolygonTown/Meshes/Props/SM_Prop_Desk_01.uasset" 494
"../../../../../My games/CatsWar/Content/PolygonTown/Meshes/Props/SM_Prop_Deckchair_03.uasset" 495
"../../../../../My games/CatsWar/Content/PolygonTown/Meshes/Props/SM_Prop_Deckchair_02.uasset" 496
"../../../../../My games/CatsWar/Content/PolygonTown/Meshes/Props/SM_Prop_Deckchair_01.uasset" 497
"../../../../../My games/CatsWar/Content/PolygonTown/Meshes/Props/SM_Prop_CuttingBoard_01.uasset" 498
"../../../../../My games/CatsWar/Content/PolygonTown/Meshes/Props/SM_Prop_Cushion_01.uasset" 499
"../../../../../My games/CatsWar/Content/PolygonTown/Meshes/Props/SM_Prop_Couch_06.uasset" 500
"../../../../../My games/CatsWar/Content/PolygonTown/Meshes/Props/SM_Prop_Couch_04.uasset" 501
"../../../../../My games/CatsWar/Content/PolygonTown/Meshes/Props/SM_Prop_Couch_01.uasset" 502
"../../../../../My games/CatsWar/Content/PolygonTown/Meshes/Props/SM_Prop_Cooler_01.uasset" 503
"../../../../../My games/CatsWar/Content/PolygonTown/Meshes/Props/SM_Prop_Computer_Screen_01.uasset" 504
"../../../../../My games/CatsWar/Content/PolygonTown/Meshes/Props/SM_Prop_Computer_Mouse_01.uasset" 505
"../../../../../My games/CatsWar/Content/PolygonTown/Meshes/Props/SM_Prop_Computer_Keyboard_01.uasset" 506
"../../../../../My games/CatsWar/Content/PolygonTown/Meshes/Props/SM_Prop_Compost_01.uasset" 507
"../../../../../My games/CatsWar/Content/PolygonTown/Meshes/Generic/SM_Gerneric_Grass_Patch_03.uasset" 508
"../../../../../My games/CatsWar/Content/PolygonTown/Meshes/Generic/SM_Gerneric_Grass_Patch_02.uasset" 509
"../../../../../My games/CatsWar/Content/PolygonTown/Meshes/Generic/SM_Generic_TreeDead_01.uasset" 510
"../../../../../My games/CatsWar/Content/PolygonTown/Meshes/Generic/SM_Generic_Tree_Patch_02.uasset" 511
"../../../../../My games/CatsWar/Content/PolygonTown/Meshes/Generic/SM_Generic_Tree_Patch_01.uasset" 512
"../../../../../My games/CatsWar/Content/PolygonTown/Meshes/Generic/SM_Generic_Tree_04.uasset" 513
"../../../../../My games/CatsWar/Content/PolygonTown/Meshes/Generic/SM_Generic_Tree_03.uasset" 514
"../../../../../My games/CatsWar/Content/PolygonTown/Meshes/Generic/SM_Generic_Tree_02.uasset" 515
"../../../../../My games/CatsWar/Content/PolygonTown/Meshes/Generic/SM_Generic_Tree_01.uasset" 516
"../../../../../My games/CatsWar/Content/PolygonTown/Meshes/Generic/SM_Generic_Mountains_Snow_01.uasset" 517
"../../../../../My games/CatsWar/Content/PolygonTown/Meshes/Generic/SM_Generic_Mountains_Grass_02.uasset" 518
"../../../../../My games/CatsWar/Content/PolygonTown/Meshes/Generic/SM_Generic_Mountains_Grass_01.uasset" 519
"../../../../../My games/CatsWar/Content/PolygonTown/Meshes/Generic/SM_Generic_Ground_03.uasset" 520
"../../../../../My games/CatsWar/Content/PolygonTown/Materials/Misc/Mat_Cloud.uasset" 521
"../../../../../My games/CatsWar/Content/PolygonTown/Meshes/Generic/SM_Generic_Cloud_03.uasset" 522
"../../../../../My games/CatsWar/Content/PolygonTown/Meshes/Generic/SM_Generic_Cloud_02.uasset" 523
"../../../../../My games/CatsWar/Content/PolygonTown/Meshes/Generic/SM_Generic_Cloud_01.uasset" 524
"../../../../../My games/CatsWar/Content/PolygonTown/Meshes/Environment/SM_Env_Tree_Tall_02.uasset" 525
"../../../../../My games/CatsWar/Content/PolygonTown/Meshes/Environment/SM_Env_Tree_Tall_01.uasset" 526
"../../../../../My games/CatsWar/Content/PolygonTown/Meshes/Environment/SM_Env_Tree_Swing_01.uasset" 527
"../../../../../My games/CatsWar/Content/PolygonTown/Meshes/Environment/SM_Env_Tree_Pine_02.uasset" 528
"../../../../../My games/CatsWar/Content/PolygonTown/Meshes/Environment/SM_Env_Tree_Pine_01.uasset" 529
"../../../../../My games/CatsWar/Content/PolygonTown/Meshes/Environment/SM_Env_Tree_Leaves_01.uasset" 530
"../../../../../My games/CatsWar/Content/PolygonTown/Meshes/Environment/SM_Env_Tree_Large_01.uasset" 531
"../../../../../My games/CatsWar/Content/PolygonTown/Meshes/Environment/SM_Env_Tree_House_01.uasset" 532
"../../../../../My games/CatsWar/Content/PolygonTown/Meshes/Environment/SM_Env_Tree_Base_01.uasset" 533
"../../../../../My games/CatsWar/Content/PolygonTown/Meshes/Environment/SM_Env_Tree_03_Framed.uasset" 534
"../../../../../My games/CatsWar/Content/PolygonTown/Meshes/Environment/SM_Env_Tree_03.uasset" 535
"../../../../../My games/CatsWar/Content/PolygonTown/Meshes/Environment/SM_Env_Tree_02_Framed.uasset" 536
"../../../../../My games/CatsWar/Content/PolygonTown/Meshes/Environment/SM_Env_Tree_02.uasset" 537
"../../../../../My games/CatsWar/Content/PolygonTown/Meshes/Environment/SM_Env_Tree_01.uasset" 538
"../../../../../My games/CatsWar/Content/PolygonTown/Meshes/Environment/SM_Env_Sidewalk_Straight_Path_01.uasset" 539
"../../../../../My games/CatsWar/Content/PolygonTown/Meshes/Environment/SM_Env_Sidewalk_Straight_03.uasset" 540
"../../../../../My games/CatsWar/Content/PolygonTown/Meshes/Environment/SM_Env_Sidewalk_Straight_01.uasset" 541
"../../../../../My games/CatsWar/Content/PolygonTown/Meshes/Environment/SM_Env_Sidewalk_Driveway_Wide_01.uasset" 542
"../../../../../My games/CatsWar/Content/PolygonTown/Meshes/Environment/SM_Env_Sidewalk_Crossing_02.uasset" 543
"../../../../../My games/CatsWar/Content/PolygonTown/Meshes/Environment/SM_Env_Sidewalk_Crossing_01.uasset" 544
"../../../../../My games/CatsWar/Content/PolygonTown/Meshes/Environment/SM_Env_Sidewalk_Corner_End_03.uasset" 545
"../../../../../My games/CatsWar/Content/PolygonTown/Meshes/Environment/SM_Env_Sidewalk_Corner_End_02.uasset" 546
"../../../../../My games/CatsWar/Content/PolygonTown/Meshes/Environment/SM_Env_Sidewalk_Corner_End_01.uasset" 547
"../../../../../My games/CatsWar/Content/PolygonTown/Meshes/Environment/SM_Env_Sidewalk_Corner_05.uasset" 548
"../../../../../My games/CatsWar/Content/PolygonTown/Meshes/Environment/SM_Env_Sidewalk_Corner_04.uasset" 549
"../../../../../My games/CatsWar/Content/PolygonTown/Meshes/Environment/SM_Env_Sidewalk_Corner_03.uasset" 550
"../../../../../My games/CatsWar/Content/PolygonTown/Meshes/Environment/SM_Env_Sidewalk_Corner_02.uasset" 551
"../../../../../My games/CatsWar/Content/PolygonTown/Meshes/Environment/SM_Env_Sidewalk_Corner_01.uasset" 552
"../../../../../My games/CatsWar/Content/PolygonTown/Meshes/Environment/SM_Env_Road_SpeedBump_02.uasset" 553
"../../../../../My games/CatsWar/Content/PolygonTown/Meshes/Environment/SM_Env_Road_SpeedBump_01.uasset" 554
"../../../../../My games/CatsWar/Content/PolygonTown/Meshes/Environment/SM_Env_Road_Patch_01.uasset" 555
"../../../../../My games/CatsWar/Content/PolygonTown/Textures/Misc/T_PolygonTown_Road_Normal.uasset" 556
"../../../../../My games/CatsWar/Content/PolygonTown/Textures/Misc/T_PolygonTown_Road_01.uasset" 557
"../../../../../My games/CatsWar/Content/PolygonTown/Materials/Misc/Mat_Road.uasset" 558
"../../../../../My games/CatsWar/Content/PolygonTown/Meshes/Environment/SM_Env_Road_Parking_01.uasset" 559
"../../../../../My games/CatsWar/Content/PolygonTown/Meshes/Environment/SM_Env_Road_Crossing_02.uasset" 560
"../../../../../My games/CatsWar/Content/PolygonTown/Meshes/Environment/SM_Env_Road_Crossing_01.uasset" 561
"../../../../../My games/CatsWar/Content/PolygonTown/Meshes/Environment/SM_Env_Road_Corner_End_02.uasset" 562
"../../../../../My games/CatsWar/Content/PolygonTown/Meshes/Environment/SM_Env_Road_01.uasset" 563
"../../../../../My games/CatsWar/Content/PolygonTown/Meshes/Environment/SM_Env_Plant_Vege_02.uasset" 564
"../../../../../My games/CatsWar/Content/PolygonTown/Meshes/Environment/SM_Env_Plant_Tomato_01.uasset" 565
"../../../../../My games/CatsWar/Content/PolygonTown/Meshes/Environment/SM_Env_Plant_Pumpkin_01.uasset" 566
"../../../../../My games/CatsWar/Content/PolygonTown/Meshes/Environment/SM_Env_Plant_Onion_01.uasset" 567
"../../../../../My games/CatsWar/Content/PolygonTown/Meshes/Environment/SM_Env_Plant_Corn_01.uasset" 568
"../../../../../My games/CatsWar/Content/PolygonTown/Meshes/Environment/SM_Env_Plant_Carrot_01.uasset" 569
"../../../../../My games/CatsWar/Content/PolygonTown/Meshes/Environment/SM_Env_Plant_Cabbage_01.uasset" 570
"../../../../../My games/CatsWar/Content/PolygonTown/Meshes/Environment/SM_Env_PathBlock_01.uasset" 571
"../../../../../My games/CatsWar/Content/PolygonTown/Meshes/Environment/SM_Env_Path_01.uasset" 572
"../../../../../My games/CatsWar/Content/PolygonTown/Meshes/Environment/SM_Env_Hedge_02.uasset" 573
"../../../../../My games/CatsWar/Content/PolygonTown/Meshes/Environment/SM_Env_Hedge_01.uasset" 574
"../../../../../My games/CatsWar/Content/PolygonTown/Meshes/Environment/SM_Env_Grass_Patch_04.uasset" 575
"../../../../../My games/CatsWar/Content/PolygonTown/Meshes/Environment/SM_Env_Grass_Patch_03.uasset" 576
"../../../../../My games/CatsWar/Content/PolygonTown/Meshes/Environment/SM_Env_Grass_Patch_02.uasset" 577
"../../../../../My games/CatsWar/Content/PolygonTown/Meshes/Environment/SM_Env_Grass_Patch_01.uasset" 578
"../../../../../My games/CatsWar/Content/PolygonTown/Meshes/Environment/SM_Env_Grass_Edge_03.uasset" 579
"../../../../../My games/CatsWar/Content/PolygonTown/Meshes/Environment/SM_Env_Grass_Edge_02.uasset" 580
"../../../../../My games/CatsWar/Content/PolygonTown/Meshes/Environment/SM_Env_Grass_Edge_01.uasset" 581
"../../../../../My games/CatsWar/Content/PolygonTown/Meshes/Environment/SM_Env_Grass_01.uasset" 582
"../../../../../My games/CatsWar/Content/PolygonTown/Meshes/Environment/SM_Env_Gardenbox_Single_01.uasset" 583
"../../../../../My games/CatsWar/Content/PolygonTown/Meshes/Environment/SM_Env_Gardenbox_Double_01.uasset" 584
"../../../../../My games/CatsWar/Content/PolygonTown/Meshes/Environment/SM_Env_Garden_Straight_01.uasset" 585
"../../../../../My games/CatsWar/Content/PolygonTown/Meshes/Environment/SM_Env_Garden_End_01.uasset" 586
"../../../../../My games/CatsWar/Content/PolygonTown/Meshes/Environment/SM_Env_Garden_Corner_02.uasset" 587
"../../../../../My games/CatsWar/Content/PolygonTown/Meshes/Environment/SM_Env_FlowerPatch_03.uasset" 588
"../../../../../My games/CatsWar/Content/PolygonTown/Meshes/Environment/SM_Env_FlowerPatch_02.uasset" 589
"../../../../../My games/CatsWar/Content/PolygonTown/Meshes/Environment/SM_Env_FlowerPatch_01.uasset" 590
"../../../../../My games/CatsWar/Content/PolygonTown/Meshes/Environment/SM_Env_Fence_Wood_Straight_01.uasset" 591
"../../../../../My games/CatsWar/Content/PolygonTown/Meshes/Environment/SM_Env_Fence_Wood_Post_01.uasset" 592
"../../../../../My games/CatsWar/Content/PolygonTown/Meshes/Environment/SM_Env_Fence_Wood_Gate_01_Door.uasset" 593
"../../../../../My games/CatsWar/Content/PolygonTown/Meshes/Environment/SM_Env_Fence_Wood_Gate_01.uasset" 594
"../../../../../My games/CatsWar/Content/PolygonTown/Meshes/Environment/SM_Env_Fence_White_Straight_01.uasset" 595
"../../../../../My games/CatsWar/Content/PolygonTown/Meshes/Environment/SM_Env_Fence_White_Post_01.uasset" 596
"../../../../../My games/CatsWar/Content/PolygonTown/Meshes/Environment/SM_Env_Fence_White_Gate_01.uasset" 597
"../../../../../My games/CatsWar/Content/PolygonTown/Meshes/Environment/SM_Env_Driveway_Wide_01.uasset" 598
"../../../../../My games/CatsWar/Content/PolygonTown/Meshes/Environment/SM_Env_Concrete_Base_01.uasset" 599
"../../../../../My games/CatsWar/Content/PolygonTown/Meshes/Environment/SM_Env_Bush_04.uasset" 600
"../../../../../My games/CatsWar/Content/PolygonTown/Meshes/Environment/SM_Env_Bush_03.uasset" 601
"../../../../../My games/CatsWar/Content/PolygonTown/Meshes/Environment/SM_Env_Bush_02.uasset" 602
"../../../../../My games/CatsWar/Content/PolygonTown/Meshes/Environment/SM_Env_Bush_01.uasset" 603
"../../../../../My games/CatsWar/Content/PolygonTown/Meshes/Buildings/SM_Bld_Skylight_03.uasset" 604
"../../../../../My games/CatsWar/Content/PolygonTown/Meshes/Buildings/SM_Bld_Skylight_02.uasset" 605
"../../../../../My games/CatsWar/Content/PolygonTown/Meshes/Buildings/SM_Bld_Skylight_01.uasset" 606
"../../../../../My games/CatsWar/Content/PolygonTown/Meshes/Buildings/SM_Bld_Shop_Sign_01.uasset" 607
"../../../../../My games/CatsWar/Content/PolygonTown/Materials/Misc/Mat_PolygonTown_WindowGlass_01.uasset" 608
"../../../../../My games/CatsWar/Content/PolygonTown/Meshes/Buildings/SM_Bld_Shop_03.uasset" 609
"../../../../../My games/CatsWar/Content/PolygonTown/Meshes/Buildings/SM_Bld_Shop_02.uasset" 610
"../../../../../My games/CatsWar/Content/PolygonTown/Meshes/Buildings/SM_Bld_Shop_01_Door_R.uasset" 611
"../../../../../My games/CatsWar/Content/PolygonTown/Meshes/Buildings/SM_Bld_Shop_01_Door_L.uasset" 612
"../../../../../My games/CatsWar/Content/PolygonTown/Meshes/Buildings/SM_Bld_Shop_01_Door_01.uasset" 613
"../../../../../My games/CatsWar/Content/PolygonTown/Meshes/Buildings/SM_Bld_Shop_01.uasset" 614
"../../../../../My games/CatsWar/Content/PolygonTown/Meshes/Buildings/SM_Bld_House_Window_Shutters_Open_01.uasset" 615
"../../../../../My games/CatsWar/Content/PolygonTown/Meshes/Buildings/SM_Bld_House_Window_Curtains_01.uasset" 616
"../../../../../My games/CatsWar/Content/PolygonTown/Meshes/Buildings/SM_Bld_House_Window_Blinds_Closed_01.uasset" 617
"../../../../../My games/CatsWar/Content/PolygonTown/Meshes/Buildings/SM_Bld_House_Window_Blinds_01.uasset" 618
"../../../../../My games/CatsWar/Content/PolygonTown/Meshes/Buildings/SM_Bld_House_Window_02.uasset" 619
"../../../../../My games/CatsWar/Content/PolygonTown/Meshes/Buildings/SM_Bld_House_Wall_GarageDoor_01_Part.uasset" 620
"../../../../../My games/CatsWar/Content/PolygonTown/Meshes/Buildings/SM_Bld_House_Roof_Window_02.uasset" 621
"../../../../../My games/CatsWar/Content/PolygonTown/Meshes/Buildings/SM_Bld_House_Roof_Window_01.uasset" 622
"../../../../../My games/CatsWar/Content/PolygonTown/Meshes/Buildings/SM_Bld_House_Roof_FlatLip_Corner_01.uasset" 623
"../../../../../My games/CatsWar/Content/PolygonTown/Meshes/Buildings/SM_Bld_House_Roof_EndCap_TopShort_01.uasset" 624
"../../../../../My games/CatsWar/Content/PolygonTown/Meshes/Buildings/SM_Bld_House_Roof_EndCap_TopLong_01.uasset" 625
"../../../../../My games/CatsWar/Content/PolygonTown/Meshes/Buildings/SM_Bld_House_Roof_EndCap_01.uasset" 626
"../../../../../My games/CatsWar/Content/PolygonTown/Meshes/Buildings/SM_Bld_House_Roof_End_03.uasset" 627
"../../../../../My games/CatsWar/Content/PolygonTown/Meshes/Buildings/SM_Bld_House_Roof_Angled_Middle_01.uasset" 628
"../../../../../My games/CatsWar/Content/PolygonTown/Meshes/Buildings/SM_Bld_House_Roof_Angled_Gutter_04.uasset" 629
"../../../../../My games/CatsWar/Content/PolygonTown/Meshes/Buildings/SM_Bld_House_Roof_Angled_Gutter_02.uasset" 630
"../../../../../My games/CatsWar/Content/PolygonTown/Meshes/Buildings/SM_Bld_House_Roof_Angled_Gutter_01.uasset" 631
"../../../../../My games/CatsWar/Content/PolygonTown/Meshes/Buildings/SM_Bld_House_Roof_Angled_Corner_01.uasset" 632
"../../../../../My games/CatsWar/Content/PolygonTown/Meshes/Buildings/SM_Bld_House_Roof_Angled_Cap_Short_02.uasset" 633
"../../../../../My games/CatsWar/Content/PolygonTown/Meshes/Buildings/SM_Bld_House_Roof_Angled_Cap_Short_01.uasset" 634
"../../../../../My games/CatsWar/Content/PolygonTown/Meshes/Buildings/SM_Bld_House_Roof_Angled_Cap_01.uasset" 635
"../../../../../My games/CatsWar/Content/PolygonTown/Meshes/Buildings/SM_Bld_House_Preset_Garage_01.uasset" 636
"../../../../../My games/CatsWar/Content/PolygonTown/Textures/Misc/T_PolygonTown_Window_Normal.uasset" 637
"../../../../../My games/CatsWar/Content/PolygonTown/Materials/Misc/Mat_PolygonTown_OpaqueGlass_01.uasset" 638
"../../../../../My games/CatsWar/Content/PolygonTown/Meshes/Buildings/SM_Bld_House_Preset_11.uasset" 639
"../../../../../My games/CatsWar/Content/PolygonTown/Meshes/Buildings/SM_Bld_House_Preset_10.uasset" 640
"../../../../../My games/CatsWar/Content/PolygonTown/Meshes/Buildings/SM_Bld_House_Preset_09.uasset" 641
"../../../../../My games/CatsWar/Content/PolygonTown/Meshes/Buildings/SM_Bld_House_Preset_08.uasset" 642
"../../../../../My games/CatsWar/Content/PolygonTown/Meshes/Buildings/SM_Bld_House_Preset_07.uasset" 643
"../../../../../My games/CatsWar/Content/PolygonTown/Meshes/Buildings/SM_Bld_House_Preset_06.uasset" 644
"../../../../../My games/CatsWar/Content/PolygonTown/Meshes/Buildings/SM_Bld_House_Preset_04.uasset" 645
"../../../../../My games/CatsWar/Content/PolygonTown/Meshes/Buildings/SM_Bld_House_Preset_03.uasset" 646
"../../../../../My games/CatsWar/Content/PolygonTown/Meshes/Buildings/SM_Bld_House_Preset_02.uasset" 647
"../../../../../My games/CatsWar/Content/PolygonTown/Meshes/Buildings/SM_Bld_House_Preset_01.uasset" 648
"../../../../../My games/CatsWar/Content/PolygonTown/Meshes/Buildings/SM_Bld_House_InternalWall_Garage_DoorFrame_01.uasset" 649
"../../../../../My games/CatsWar/Content/PolygonTown/Meshes/Buildings/SM_Bld_House_InternalWall_Garage_01.uasset" 650
"../../../../../My games/CatsWar/Content/PolygonTown/Meshes/Buildings/SM_Bld_House_InteriorWall_UpperFloorFiller_01.uasset" 651
"../../../../../My games/CatsWar/Content/PolygonTown/Meshes/Buildings/SM_Bld_House_InteriorWall_DoorFrame_01.uasset" 652
"../../../../../My games/CatsWar/Content/PolygonTown/Meshes/Buildings/SM_Bld_House_InteriorWall_Door_01.uasset" 653
"../../../../../My games/CatsWar/Content/PolygonTown/Meshes/Buildings/SM_Bld_House_InteriorWall_Corner_01.uasset" 654
"../../../../../My games/CatsWar/Content/PolygonTown/Meshes/Buildings/SM_Bld_House_InteriorWall_Cap_01.uasset" 655
"../../../../../My games/CatsWar/Content/PolygonTown/Meshes/Buildings/SM_Bld_House_InteriorWall_01.uasset" 656
"../../../../../My games/CatsWar/Content/PolygonTown/Meshes/Buildings/SM_Bld_House_Interior_StairsRail_Post_01.uasset" 657
"../../../../../My games/CatsWar/Content/PolygonTown/Meshes/Buildings/SM_Bld_House_Interior_StairsRail_Left_01.uasset" 658
"../../../../../My games/CatsWar/Content/PolygonTown/Meshes/Buildings/SM_Bld_House_Interior_Stairs_WallGap_02.uasset" 659
"../../../../../My games/CatsWar/Content/PolygonTown/Meshes/Buildings/SM_Bld_House_Interior_Stairs_WallGap_01.uasset" 660
"../../../../../My games/CatsWar/Content/PolygonTown/Meshes/Buildings/SM_Bld_House_Interior_Stairs_Ceiling_01.uasset" 661
"../../../../../My games/CatsWar/Content/PolygonTown/Meshes/Buildings/SM_Bld_House_Interior_Stairs_01.uasset" 662
"../../../../../My games/CatsWar/Content/PolygonTown/Meshes/Buildings/SM_Bld_House_Interior_Rail_04.uasset" 663
"../../../../../My games/CatsWar/Content/PolygonTown/Meshes/Buildings/SM_Bld_House_Interior_Rail_02.uasset" 664
"../../../../../My games/CatsWar/Content/PolygonTown/Meshes/Buildings/SM_Bld_House_Interior_Rail_01.uasset" 665
"../../../../../My games/CatsWar/Content/PolygonTown/Meshes/Buildings/SM_Bld_House_Interior_GarageCeiling_01.uasset" 666
"../../../../../My games/CatsWar/Content/PolygonTown/Meshes/Buildings/SM_Bld_House_Interior_Floor_01.uasset" 667
"../../../../../My games/CatsWar/Content/PolygonTown/Meshes/Buildings/SM_Bld_House_Interior_Ceiling_01.uasset" 668
"../../../../../My games/CatsWar/Content/PolygonTown/Meshes/Buildings/SM_Bld_House_Garage_Floor_01.uasset" 669
"../../../../../My games/CatsWar/Content/PolygonTown/Meshes/Buildings/SM_Bld_House_ExteriorWall_UpperFloor_Window_01.uasset" 670
"../../../../../My games/CatsWar/Content/PolygonTown/Meshes/Buildings/SM_Bld_House_ExteriorWall_UpperFloor_Corner_01.uasset" 671
"../../../../../My games/CatsWar/Content/PolygonTown/Meshes/Buildings/SM_Bld_House_ExteriorWall_UpperFloor_04.uasset" 672
"../../../../../My games/CatsWar/Content/PolygonTown/Meshes/Buildings/SM_Bld_House_ExteriorWall_UpperFloor_01.uasset" 673
"../../../../../My games/CatsWar/Content/PolygonTown/Meshes/Buildings/SM_Bld_House_ExteriorWall_GroundFloor_Window_01.uasset" 674
"../../../../../My games/CatsWar/Content/PolygonTown/Meshes/Buildings/SM_Bld_House_ExteriorWall_GroundFloor_Garage_Window_01.uasset" 675
"../../../../../My games/CatsWar/Content/PolygonTown/Meshes/Buildings/SM_Bld_House_ExteriorWall_GroundFloor_Garage_01.uasset" 676
"../../../../../My games/CatsWar/Content/PolygonTown/Meshes/Buildings/SM_Bld_House_ExteriorWall_GroundFloor_Door_01.uasset" 677
"../../../../../My games/CatsWar/Content/PolygonTown/Meshes/Buildings/SM_Bld_House_ExteriorWall_GroundFloor_Corner_01.uasset" 678
"../../../../../My games/CatsWar/Content/PolygonTown/Meshes/Buildings/SM_Bld_House_ExteriorWall_GroundFloor_01.uasset" 679
"../../../../../My games/CatsWar/Content/PolygonTown/Meshes/Buildings/SM_Bld_House_ExteriorWall_GarageDoor_02.uasset" 680
"../../../../../My games/CatsWar/Content/PolygonTown/Meshes/Buildings/SM_Bld_House_ExteriorWall_GarageDoor_01.uasset" 681
"../../../../../My games/CatsWar/Content/PolygonTown/Meshes/Buildings/SM_Bld_House_DrainPipe_01.uasset" 682
"../../../../../My games/CatsWar/Content/PolygonTown/Meshes/Buildings/SM_Bld_House_Door_03.uasset" 683
"../../../../../My games/CatsWar/Content/PolygonTown/Meshes/Buildings/SM_Bld_House_Door_02.uasset" 684
"../../../../../My games/CatsWar/Content/PolygonTown/Meshes/Buildings/SM_Bld_House_DeckSteps_01.uasset" 685
"../../../../../My games/CatsWar/Content/PolygonTown/Meshes/Buildings/SM_Bld_House_Deck_Roof_InnerCorner_02.uasset" 686
"../../../../../My games/CatsWar/Content/PolygonTown/Meshes/Buildings/SM_Bld_House_Deck_Roof_End_01.uasset" 687
"../../../../../My games/CatsWar/Content/PolygonTown/Meshes/Buildings/SM_Bld_House_Deck_Roof_01.uasset" 688
"../../../../../My games/CatsWar/Content/PolygonTown/Meshes/Buildings/SM_Bld_House_Deck_Rail_End_01.uasset" 689
"../../../../../My games/CatsWar/Content/PolygonTown/Meshes/Buildings/SM_Bld_House_Deck_Rail_01.uasset" 690
"../../../../../My games/CatsWar/Content/PolygonTown/Meshes/Buildings/SM_Bld_House_Deck_Post_01.uasset" 691
"../../../../../My games/CatsWar/Content/PolygonTown/Meshes/Buildings/SM_Bld_House_Deck_End_01.uasset" 692
"../../../../../My games/CatsWar/Content/PolygonTown/Meshes/Buildings/SM_Bld_House_Deck_05.uasset" 693
"../../../../../My games/CatsWar/Content/PolygonTown/Meshes/Buildings/SM_Bld_House_Deck_03.uasset" 694
"../../../../../My games/CatsWar/Content/PolygonTown/Meshes/Buildings/SM_Bld_House_Deck_02.uasset" 695
"../../../../../My games/CatsWar/Content/PolygonTown/Meshes/Buildings/SM_Bld_House_Deck_01.uasset" 696
"../../../../../My games/CatsWar/Content/PolygonTown/Meshes/Buildings/SM_Bld_House_Concrete_Steps_01.uasset" 697
"../../../../../My games/CatsWar/Content/PolygonTown/Meshes/Buildings/SM_Bld_GardenShed_Door_01.uasset" 698
"../../../../../My games/CatsWar/Content/PolygonTown/Meshes/Buildings/SM_Bld_Church_Door_02.uasset" 699
"../../../../../My games/CatsWar/Content/PolygonTown/Meshes/Buildings/SM_Bld_Church_Door_01.uasset" 700
"../../../../../My games/CatsWar/Content/PolygonTown/Meshes/Buildings/SM_Bld_Church_01.uasset" 701
"../../../../../My games/CatsWar/Content/PolygonTown/Meshes/Buildings/SM_Bld_Chimney_01.uasset" 702
"../../../../../My games/CatsWar/Content/PolygonTown/Textures/T_PolygonTown_03_A.uasset" 703
"../../../../../My games/CatsWar/Content/PolygonTown/Materials/Mat_PolygonTown_03_A.uasset" 704
"../../../../../My games/CatsWar/Content/PolygonTown/Textures/T_PolygonTown_02_A.uasset" 705
"../../../../../My games/CatsWar/Content/PolygonTown/Materials/Mat_PolygonTown_02_A.uasset" 706
"../../../../../My games/CatsWar/Content/PolygonTown/Textures/Alts/T_PolygonTown_04_C.uasset" 707
"../../../../../My games/CatsWar/Content/PolygonTown/Textures/Misc/T_PolygonTown_Normal_C.uasset" 708
"../../../../../My games/CatsWar/Content/PolygonTown/Materials/Alts/Mat_PolygonTown_04_C.uasset" 709
"../../../../../My games/CatsWar/Content/PolygonTown/Textures/Alts/T_PolygonTown_04_B.uasset" 710
"../../../../../My games/CatsWar/Content/PolygonTown/Textures/Misc/T_PolygonTown_Normal_B.uasset" 711
"../../../../../My games/CatsWar/Content/PolygonTown/Materials/Alts/Mat_PolygonTown_04_B.uasset" 712
"../../../../../My games/CatsWar/Content/PolygonTown/Textures/Alts/T_PolygonTown_03_C.uasset" 713
"../../../../../My games/CatsWar/Content/PolygonTown/Materials/Alts/Mat_PolygonTown_03_C.uasset" 714
"../../../../../My games/CatsWar/Content/PolygonTown/Textures/Alts/T_PolygonTown_03_B.uasset" 715
"../../../../../My games/CatsWar/Content/PolygonTown/Materials/Alts/Mat_PolygonTown_03_B.uasset" 716
"../../../../../My games/CatsWar/Content/PolygonTown/Textures/Alts/T_PolygonTown_02_C.uasset" 717
"../../../../../My games/CatsWar/Content/PolygonTown/Materials/Alts/Mat_PolygonTown_02_C.uasset" 718
"../../../../../My games/CatsWar/Content/PolygonTown/Textures/Alts/T_PolygonTown_02_B.uasset" 719
"../../../../../My games/CatsWar/Content/PolygonTown/Materials/Alts/Mat_PolygonTown_02_B.uasset" 720
"../../../../../My games/CatsWar/Content/PolygonTown/Textures/Alts/T_PolygonTown_01_C.uasset" 721
"../../../../../My games/CatsWar/Content/PolygonTown/Materials/Alts/Mat_PolygonTown_01_C.uasset" 722
"../../../../../My games/CatsWar/Content/PolygonTown/Textures/Alts/T_PolygonTown_01_B.uasset" 723
"../../../../../My games/CatsWar/Content/PolygonTown/Materials/Alts/Mat_PolygonTown_01_B.uasset" 724
"../../../../../My games/CatsWar/Content/PolygonTown/Meshes/Buildings/SM_Bld_GardenShed_01.uasset" 725
"../../../../../My games/CatsWar/Content/Materials/GlassTr_mat.uasset" 726
"../../../../../My games/CatsWar/Content/Destruction/RadialForceActor_BP.uasset" 727
"../../../../../My games/CatsWar/Content/Characters/Cat/Sound/reload.uasset" 728
"../../../../../My games/CatsWar/Content/Characters/Cat/Sound/reload_Cue.uasset" 729
"../../../../../My games/CatsWar/Content/Characters/Cat/Sound/netBullet.uasset" 730
"../../../../../My games/CatsWar/Content/Characters/Cat/Sound/netBullet_Cue.uasset" 731
"../../../../../My games/CatsWar/Content/Characters/Cat/Sound/meow.uasset" 732
"../../../../../My games/CatsWar/Content/Characters/Cat/Sound/meow_Cue.uasset" 733
"../../../../../My games/CatsWar/Content/Characters/Cat/Sound/bullet.uasset" 734
"../../../../../My games/CatsWar/Content/Characters/Cat/Sound/bullet_Cue.uasset" 735
"../../../../../My games/CatsWar/Content/Characters/Cat/Material/Catoon.uasset" 736
"../../../../../My games/CatsWar/Content/Characters/Cat/Material/Grey_mat.uasset" 737
"../../../../../My games/CatsWar/Content/Characters/Cat/Material/CJ--LeannaFull--EyesRealSclera_1006.uasset" 738
"../../../../../My games/CatsWar/Content/Characters/Cat/Material/Eye_mat.uasset" 739
"../../../../../My games/CatsWar/Content/Characters/Cat/Material/CatPink.uasset" 740
"../../../../../My games/CatsWar/Content/Characters/Cat/Material/CatPink_mat.uasset" 741
"../../../../../My games/CatsWar/Content/Characters/Cat/Material/CatOrange.uasset" 742
"../../../../../My games/CatsWar/Content/Characters/Cat/Material/CatOrange_mat.uasset" 743
"../../../../../My games/CatsWar/Content/Characters/Cat/Material/CatGreen.uasset" 744
"../../../../../My games/CatsWar/Content/Characters/Cat/Material/CatGreen_mat.uasset" 745
"../../../../../My games/CatsWar/Content/Characters/Cat/Material/CatBlue.uasset" 746
"../../../../../My games/CatsWar/Content/Characters/Cat/Material/CatBlue_mat.uasset" 747
"../../../Engine/Content/Animation/DefaultAnimCurveCompressionSettings.uasset" 748
"../../../Engine/Content/Animation/DefaultAnimBoneCompressionSettings.uasset" 749
"../../../../../My games/CatsWar/Content/Characters/Cat/Mesh/Cat_Skeleton.uasset" 750
"../../../../../My games/CatsWar/Content/Characters/Cat/Animations/Attack/Weapon/Reloading.uasset" 751
"../../../../../My games/CatsWar/Content/Characters/Cat/Animations/Attack/Weapon/Reloading_Montage.uasset" 752
"../../../../../My games/CatsWar/Content/Characters/Cat/Animations/Attack/Hand/punch.uasset" 753
"../../../../../My games/CatsWar/Content/Characters/Cat/Animations/Attack/Hand/punch_Montage.uasset" 754
"../../../../../My games/CatsWar/Content/Characters/Cat/Animations/Attack/Hand/punch4.uasset" 755
"../../../../../My games/CatsWar/Content/Characters/Cat/Animations/Attack/Hand/punch4_Montage.uasset" 756
"../../../../../My games/CatsWar/Content/Characters/Cat/Animations/Attack/Hand/punch2.uasset" 757
"../../../../../My games/CatsWar/Content/Characters/Cat/Animations/Attack/Hand/punch2_Montage.uasset" 758
"../../../../../My games/CatsWar/Content/Characters/Cat/Animations/Attack/Bat/Stable_Sword_Outward_Slash.uasset" 759
"../../../../../My games/CatsWar/Content/Characters/Cat/Animations/Attack/Bat/bat2_Montage.uasset" 760
"../../../../../My games/CatsWar/Content/Characters/Cat/Animations/Attack/Bat/Great_Sword_Slash.uasset" 761
"../../../../../My games/CatsWar/Content/Characters/Cat/Animations/Attack/Bat/bat1_Montage.uasset" 762
"../../../../../My games/CatsWar/Content/Characters/Cat/Mesh/Cat_PhysicsAsset.uasset" 763
"../../../../../My games/CatsWar/Content/Characters/Cat/Material/Claws.uasset" 764
"../../../../../My games/CatsWar/Content/Characters/Cat/Mesh/Cat.uasset" 765
"../../../../../My games/CatsWar/Content/Characters/Cat/Animations/Move/Walking.uasset" 766
"../../../../../My games/CatsWar/Content/Characters/Cat/Animations/Move/Running_MaxSpeed.uasset" 767
"../../../../../My games/CatsWar/Content/Characters/Cat/Animations/Move/Running.uasset" 768
"../../../../../My games/CatsWar/Content/Characters/Cat/Animations/Move/Idle.uasset" 769
"../../../../../My games/CatsWar/Content/Characters/Cat/Animations/Cat_BS.uasset" 770
"../../../../../My games/CatsWar/Content/Characters/Cat/Animations/Attack/Weapon/Pistol_walk.uasset" 771
"../../../../../My games/CatsWar/Content/Characters/Cat/Animations/Attack/Weapon/Pistol_Run.uasset" 772
"../../../../../My games/CatsWar/Content/Characters/Cat/Animations/Attack/Weapon/Pistol_MaxSpeed.uasset" 773
"../../../../../My games/CatsWar/Content/Characters/Cat/Animations/Attack/Weapon/pistol_idle.uasset" 774
"../../../../../My games/CatsWar/Content/Characters/Cat/Animations/Attack/Weapon/Weapon_BS.uasset" 775
"../../../../../My games/CatsWar/Content/Characters/Cat/Animations/Move/Jumping_start.uasset" 776
"../../../../../My games/CatsWar/Content/Characters/Cat/Animations/Move/Jumping_loop.uasset" 777
"../../../../../My games/CatsWar/Content/Characters/Cat/Animations/Move/Jumping_end.uasset" 778
"../../../../../My games/CatsWar/Content/Characters/Cat/Animations/Attack/Weapon/Pistol_Jump_Loop.uasset" 779
"../../../../../My games/CatsWar/Content/Characters/Cat/Animations/Attack/Weapon/Pistol_Jump_end.uasset" 780
"../../../../../My games/CatsWar/Content/Characters/Cat/Animations/Attack/Weapon/Pistol_Jump.uasset" 781
"../../../Engine/Content/EditorBlueprintResources/StandardMacros.uasset" 782
"../../../../../My games/CatsWar/Content/Characters/Cat/Animations/Cat_AB.uasset" 783
"../../../../../My games/CatsWar/Content/Blueprints/Weapons/FPS_Weapon_Bundle/Weapons/Textures/SMG11/T_SMG11_Rem_NRM.uasset" 784
"../../../../../My games/CatsWar/Content/Blueprints/Weapons/FPS_Weapon_Bundle/Weapons/Textures/SMG11/T_SMG11_Rem_M_MSK.uasset" 785
"../../../../../My games/CatsWar/Content/Blueprints/Weapons/FPS_Weapon_Bundle/Weapons/Textures/SMG11/T_SMG11_Rem_ALB.uasset" 786
"../../../../../My games/CatsWar/Content/Blueprints/Weapons/FPS_Weapon_Bundle/Weapons/Textures/KA74U/T_KA74U_ALB.uasset" 787
"../../../../../My games/CatsWar/Content/Blueprints/Weapons/FPS_Weapon_Bundle/Weapons/Textures/KA74U/T_KA74U_M_MSK.uasset" 788
"../../../../../My games/CatsWar/Content/Blueprints/Weapons/FPS_Weapon_Bundle/Weapons/Textures/KA74U/T_KA74U_NRM.uasset" 789
"../../../../../My games/CatsWar/Content/Blueprints/Weapons/FPS_Weapon_Bundle/Weapons/Textures/Patterns/T_Stripes__Pattern.uasset" 790
"../../../../../My games/CatsWar/Content/Blueprints/Weapons/FPS_Weapon_Bundle/Weapons/Materials/Master_Material/M_Weapon_Master_USE.uasset" 791
"../../../../../My games/CatsWar/Content/Blueprints/Weapons/FPS_Weapon_Bundle/Weapons/Materials/SMG11/M_SMG11_Rem.uasset" 792
"../../../../../My games/CatsWar/Content/Blueprints/Weapons/FPS_Weapon_Bundle/Weapons/Textures/SMG11/T_SMG11_NRM.uasset" 793
"../../../../../My games/CatsWar/Content/Blueprints/Weapons/FPS_Weapon_Bundle/Weapons/Textures/SMG11/T_SMG11_M_MSK.uasset" 794
"../../../../../My games/CatsWar/Content/Blueprints/Weapons/FPS_Weapon_Bundle/Weapons/Textures/SMG11/T_SMG11_ALB.uasset" 795
"../../../../../My games/CatsWar/Content/Blueprints/Weapons/FPS_Weapon_Bundle/Weapons/Materials/SMG11/M_SMG11.uasset" 796
"../../../../../My games/CatsWar/Content/Blueprints/Weapons/FPS_Weapon_Bundle/Weapons/Meshes/SMG11/SK_SMG11_Nostock_X_Skeleton.uasset" 797
"../../../../../My games/CatsWar/Content/Blueprints/Weapons/FPS_Weapon_Bundle/Weapons/Meshes/SMG11/SK_SMG11_Nostock_X_Physics.uasset" 798
"../../../../../My games/CatsWar/Content/Blueprints/Weapons/FPS_Weapon_Bundle/Weapons/Textures/Ammunition/T_9mm_ALB.uasset" 799
"../../../../../My games/CatsWar/Content/Blueprints/Weapons/FPS_Weapon_Bundle/Weapons/Textures/Ammunition/T_9mm_M_MSK.uasset" 800
"../../../../../My games/CatsWar/Content/Blueprints/Weapons/FPS_Weapon_Bundle/Weapons/Textures/Ammunition/T_9mm_NRM.uasset" 801
"../../../../../My games/CatsWar/Content/Blueprints/Weapons/FPS_Weapon_Bundle/Weapons/Materials/Ammunition/M_9mm.uasset" 802
"../../../../../My games/CatsWar/Content/Blueprints/Weapons/FPS_Weapon_Bundle/Weapons/Meshes/SMG11/SK_SMG11_Nostock_X.uasset" 803
"../../../../../My games/CatsWar/Content/StarterContent/Textures/T_Smoke_Tiled_D.uasset" 804
"../../../../../My games/CatsWar/Content/StarterContent/Textures/T_Smoke_SubUV.uasset" 805
"../../../../../My games/CatsWar/Content/StarterContent/Particles/Materials/M_smoke_subUV.uasset" 806
"../../../Engine/Content/Functions/Engine_MaterialFunctions01/Gradient/RadialGradient.uasset" 807
"../../../../../My games/CatsWar/Content/StarterContent/Particles/Materials/M_radial_ramp.uasset" 808
"../../../../../My games/CatsWar/Content/StarterContent/Particles/Materials/m_flare_01.uasset" 809
"../../../../../My games/CatsWar/Content/StarterContent/Textures/T_Explosion_SubUV.uasset" 810
"../../../../../My games/CatsWar/Content/StarterContent/Particles/Materials/M_explosion_subUV.uasset" 811
"../../../../../My games/CatsWar/Content/StarterContent/Textures/T_Burst_M.uasset" 812
"../../../../../My games/CatsWar/Content/StarterContent/Particles/Materials/M_Burst.uasset" 813
"../../../../../My games/CatsWar/Content/StarterContent/Particles/P_Explosion.uasset" 814
"../../../../../My games/CatsWar/Content/Blueprints/Weapons/Fire_BP.uasset" 815
"../../../../../My games/CatsWar/Content/Blueprints/Weapons/Blueprints/WPistol_BP.uasset" 816
"../../../../../My games/CatsWar/Content/Blueprints/Weapons/Mesh/Bat/specular.uasset" 817
"../../../../../My games/CatsWar/Content/Blueprints/Weapons/Mesh/Bat/normals.uasset" 818
"../../../../../My games/CatsWar/Content/Blueprints/Weapons/Mesh/Bat/gloss.uasset" 819
"../../../../../My games/CatsWar/Content/Blueprints/Weapons/Mesh/Bat/diffuse.uasset" 820
"../../../../../My games/CatsWar/Content/Blueprints/Weapons/Mesh/Bat/Bat_LP001Mat.uasset" 821
"../../../../../My games/CatsWar/Content/Blueprints/Weapons/Mesh/Bat/harley-bat.uasset" 822
"../../../../../My games/CatsWar/Content/Blueprints/Weapons/Blueprints/Bat_BP.uasset" 823
"../../../../../My games/CatsWar/Content/Blueprints/Weapons/Aim.uasset" 824
"../../../../../My games/CatsWar/Content/Blueprints/Misc/Cat_CameraShake_BP.uasset" 825
"../../../../../My games/CatsWar/Content/Default_content/Mannequin/Character/Mesh/SK_Mannequin_PhysicsAsset.uasset" 826
"../../../../../My games/CatsWar/Content/Default_content/Mannequin/Character/Textures/T_UE4Logo_N.uasset" 827
"../../../../../My games/CatsWar/Content/Default_content/Mannequin/Character/Textures/T_UE4Logo_Mask.uasset" 828
"../../../../../My games/CatsWar/Content/Default_content/Mannequin/Character/Textures/T_Male_N.uasset" 829
"../../../../../My games/CatsWar/Content/Default_content/Mannequin/Character/Textures/T_Male_Mask.uasset" 830
"../../../../../My games/CatsWar/Content/Default_content/Mannequin/Character/Materials/MaterialLayers/T_ML_Rubber_Blue_01_N.uasset" 831
"../../../../../My games/CatsWar/Content/Default_content/Mannequin/Character/Materials/MaterialLayers/T_ML_Rubber_Blue_01_D.uasset" 832
"../../../../../My games/CatsWar/Content/Default_content/Mannequin/Character/Materials/MaterialLayers/T_ML_Aluminum01_N.uasset" 833
"../../../../../My games/CatsWar/Content/Default_content/Mannequin/Character/Materials/MaterialLayers/T_ML_Aluminum01.uasset" 834
"../../../../../My games/CatsWar/Content/Default_content/Mannequin/Character/Materials/MaterialLayers/ML_SoftMetal_UE4.uasset" 835
"../../../../../My games/CatsWar/Content/Default_content/Mannequin/Character/Materials/MaterialLayers/ML_Plastic_Shiny_Beige_LOGO.uasset" 836
"../../../../../My games/CatsWar/Content/Default_content/Mannequin/Character/Materials/MaterialLayers/ML_Plastic_Shiny_Beige.uasset" 837
"../../../../../My games/CatsWar/Content/Default_content/Mannequin/Character/Materials/MaterialLayers/ML_GlossyBlack_Latex_UE4.uasset" 838
"../../../Engine/Content/Functions/MaterialLayerFunctions/MatLayerBlend_Simple.uasset" 839
"../../../Engine/Content/Functions/Engine_MaterialFunctions02/Utility/BlendAngleCorrectedNormals.uasset" 840
"../../../Engine/Content/Functions/MaterialLayerFunctions/MatLayerBlend_NormalBlend.uasset" 841
"../../../../../My games/CatsWar/Content/Default_content/Mannequin/Character/Materials/M_Male_Body.uasset" 842
"../../../../../My games/CatsWar/Content/Default_content/Mannequin/Character/Materials/M_UE4Man_ChestLogo.uasset" 843
"../../../../../My games/CatsWar/Content/Default_content/Mannequin/Character/Mesh/UE4_Mannequin_Skeleton.uasset" 844
"../../../../../My games/CatsWar/Content/Default_content/Mannequin/Character/Mesh/SK_Mannequin.uasset" 845
"../../../../../My games/CatsWar/Content/Default_content/Mannequin/Animations/ThirdPersonWalk.uasset" 846
"../../../../../My games/CatsWar/Content/Default_content/Mannequin/Animations/ThirdPersonRun.uasset" 847
"../../../../../My games/CatsWar/Content/Default_content/Mannequin/Animations/ThirdPersonIdle.uasset" 848
"../../../../../My games/CatsWar/Content/Default_content/Mannequin/Animations/ThirdPerson_IdleRun_2D.uasset" 849
"../../../../../My games/CatsWar/Content/Default_content/Mannequin/Animations/ThirdPerson_Jump.uasset" 850
"../../../../../My games/CatsWar/Content/Default_content/Mannequin/Animations/ThirdPersonJump_Start.uasset" 851
"../../../../../My games/CatsWar/Content/Default_content/Mannequin/Animations/ThirdPersonJump_Loop.uasset" 852
"../../../../../My games/CatsWar/Content/Default_content/Mannequin/Animations/ThirdPerson_AnimBP.uasset" 853
"../../../../../My games/CatsWar/Content/AI/Enemy/AIPatrollingComponent.uasset" 854
"../../../../../My games/CatsWar/Content/AI/Enemy/AIStatus.uasset" 855
"../../../../../My games/CatsWar/Content/AI/Enemy/BB.uasset" 856
"../../../../../My games/CatsWar/Content/AI/Enemy/GeneralLibrary.uasset" 857
"../../../../../My games/CatsWar/Content/AI/Enemy/FindRandomLocation.uasset" 858
"../../../../../My games/CatsWar/Content/AI/Enemy/FindTheNextPatrollingLocation.uasset" 859
"../../../../../My games/CatsWar/Content/Characters/Duck/Materials/Duck_mix_Skeleton.uasset" 860
"../../../../../My games/CatsWar/Content/Characters/Duck/Aimations/Attack/Zombie_Punching.uasset" 861
"../../../../../My games/CatsWar/Content/Characters/Duck/Aimations/Attack/Zombie_Punching_Montage.uasset" 862
"../../../../../My games/CatsWar/Content/Characters/Duck/Aimations/Attack/Zombie_Punching__1_.uasset" 863
"../../../../../My games/CatsWar/Content/Characters/Duck/Aimations/Attack/Zombie_Punching__1__Montage.uasset" 864
"../../../../../My games/CatsWar/Content/Characters/Duck/Aimations/Attack/Punching.uasset" 865
"../../../../../My games/CatsWar/Content/Characters/Duck/Aimations/Attack/Punching_Montage.uasset" 866
"../../../../../My games/CatsWar/Content/Characters/Duck/Aimations/Attack/Punch_Combo.uasset" 867
"../../../../../My games/CatsWar/Content/Characters/Duck/Aimations/Attack/Punch_Combo_Montage.uasset" 868
"../../../../../My games/CatsWar/Content/Characters/Duck/Aimations/Attack/Mutant_Punch.uasset" 869
"../../../../../My games/CatsWar/Content/Characters/Duck/Aimations/Attack/Mutant_Punch_Montage.uasset" 870
"../../../../../My games/CatsWar/Content/AI/Enemy/PatrollingAI_CPP_BP.uasset" 871
"../../../../../My games/CatsWar/Content/AI/Enemy/ChangeAISpeed.uasset" 872
"../../../../../My games/CatsWar/Content/AI/Enemy/CheckForSearchingIndex.uasset" 873
"../../../../../My games/CatsWar/Content/AI/Enemy/BT.uasset" 874
"../../../../../My games/CatsWar/Content/AI/Enemy/PatrollingAIController.uasset" 875
"../../../../../My games/CatsWar/Content/AI/Enemy/PatrollingAI.uasset" 876
"../../../../../My games/CatsWar/Content/ThirdPersonCPP/Blueprints/ThirdPersonCharacter.uasset" 877
"../../../../../My games/CatsWar/Content/ThirdPersonCPP/Blueprints/Cat_GM.uasset" 878
"../../../../../My games/CatsWar/Content/AI/NPC/Bad.uasset" 879
"../../../../../My games/CatsWar/Content/Characters/NPC/CiviliansNPC/Cat_NPC.uasset" 880
"../../../../../My games/CatsWar/Content/AI/NPC/FindRandomNPCLocation.uasset" 881
"../../../../../My games/CatsWar/Content/AI/NPC/NPC_BT.uasset" 882
"../../../../../My games/CatsWar/Content/AI/NPC/QueryFilter_1.uasset" 883
"../../../../../My games/CatsWar/Content/AI/NPC/NPC_AIController.uasset" 884
"../../../../../My games/CatsWar/Content/Characters/NPC/CiviliansNPC/NPC_BP.uasset" 885
"../../../../../My games/CatsWar/Content/Characters/NPC/CiviliansNPC/SpawnTargetPoint_BP.uasset" 886
"../../../../../My games/CatsWar/Content/Maps/Poly_map.umap" 887
"../../../Engine/Content/Maps/Entry_BuiltData.uasset" 888
"../../../Engine/Content/Maps/Entry.umap" 889
